0 info it worked if it ends with ok
1 verbose cli [ '/Users/Nichole/.nvm/v0.10.31/bin/node',
1 verbose cli   '/Users/Nichole/.nvm/v0.10.31/bin/npm',
1 verbose cli   'install',
1 verbose cli   '--production' ]
2 info using npm@1.4.23
3 info using node@v0.10.31
4 verbose readDependencies using package.json deps
5 verbose install where, deps [ '/Users/Nichole/Sites/nichole',
5 verbose install   [ 'bcryptjs',
5 verbose install     'body-parser',
5 verbose install     'bookshelf',
5 verbose install     'busboy',
5 verbose install     'colors',
5 verbose install     'compression',
5 verbose install     'connect',
5 verbose install     'connect-slashes',
5 verbose install     'cookie-parser',
5 verbose install     'downsize',
5 verbose install     'express',
5 verbose install     'express-hbs',
5 verbose install     'express-session',
5 verbose install     'fs-extra',
5 verbose install     'html-to-text',
5 verbose install     'knex',
5 verbose install     'lodash',
5 verbose install     'moment',
5 verbose install     'morgan',
5 verbose install     'node-polyglot',
5 verbose install     'node-uuid',
5 verbose install     'nodemailer',
5 verbose install     'oauth2orize',
5 verbose install     'passport',
5 verbose install     'passport-http-bearer',
5 verbose install     'passport-oauth2-client-password',
5 verbose install     'rss',
5 verbose install     'semver',
5 verbose install     'showdown',
5 verbose install     'sqlite3',
5 verbose install     'static-favicon',
5 verbose install     'unidecode',
5 verbose install     'validator',
5 verbose install     'when',
5 verbose install     'xml',
5 verbose install     'mysql' ] ]
6 info preinstall ghost@0.5.1
7 verbose readDependencies using package.json deps
8 verbose cache add [ 'bcryptjs@0.7.10', null ]
9 verbose cache add name=undefined spec="bcryptjs@0.7.10" args=["bcryptjs@0.7.10",null]
10 verbose parsed url { protocol: null,
10 verbose parsed url   slashes: null,
10 verbose parsed url   auth: null,
10 verbose parsed url   host: null,
10 verbose parsed url   port: null,
10 verbose parsed url   hostname: null,
10 verbose parsed url   hash: null,
10 verbose parsed url   search: null,
10 verbose parsed url   query: null,
10 verbose parsed url   pathname: 'bcryptjs@0.7.10',
10 verbose parsed url   path: 'bcryptjs@0.7.10',
10 verbose parsed url   href: 'bcryptjs@0.7.10' }
11 verbose cache add [ 'body-parser@~1.6.2', null ]
12 verbose cache add name=undefined spec="body-parser@~1.6.2" args=["body-parser@~1.6.2",null]
13 verbose parsed url { protocol: null,
13 verbose parsed url   slashes: null,
13 verbose parsed url   auth: null,
13 verbose parsed url   host: null,
13 verbose parsed url   port: null,
13 verbose parsed url   hostname: null,
13 verbose parsed url   hash: null,
13 verbose parsed url   search: null,
13 verbose parsed url   query: null,
13 verbose parsed url   pathname: 'body-parser@~1.6.2',
13 verbose parsed url   path: 'body-parser@~1.6.2',
13 verbose parsed url   href: 'body-parser@~1.6.2' }
14 verbose cache add name="bcryptjs" spec="0.7.10" args=["bcryptjs","0.7.10"]
15 verbose parsed url { protocol: null,
15 verbose parsed url   slashes: null,
15 verbose parsed url   auth: null,
15 verbose parsed url   host: null,
15 verbose parsed url   port: null,
15 verbose parsed url   hostname: null,
15 verbose parsed url   hash: null,
15 verbose parsed url   search: null,
15 verbose parsed url   query: null,
15 verbose parsed url   pathname: '0.7.10',
15 verbose parsed url   path: '0.7.10',
15 verbose parsed url   href: '0.7.10' }
16 verbose addNamed [ 'bcryptjs', '0.7.10' ]
17 verbose addNamed [ '0.7.10', '0.7.10' ]
18 verbose cache add [ 'bookshelf@0.7.6', null ]
19 verbose cache add name=undefined spec="bookshelf@0.7.6" args=["bookshelf@0.7.6",null]
20 verbose parsed url { protocol: null,
20 verbose parsed url   slashes: null,
20 verbose parsed url   auth: null,
20 verbose parsed url   host: null,
20 verbose parsed url   port: null,
20 verbose parsed url   hostname: null,
20 verbose parsed url   hash: null,
20 verbose parsed url   search: null,
20 verbose parsed url   query: null,
20 verbose parsed url   pathname: 'bookshelf@0.7.6',
20 verbose parsed url   path: 'bookshelf@0.7.6',
20 verbose parsed url   href: 'bookshelf@0.7.6' }
21 verbose cache add name="body-parser" spec="~1.6.2" args=["body-parser","~1.6.2"]
22 verbose parsed url { protocol: null,
22 verbose parsed url   slashes: null,
22 verbose parsed url   auth: null,
22 verbose parsed url   host: null,
22 verbose parsed url   port: null,
22 verbose parsed url   hostname: null,
22 verbose parsed url   hash: null,
22 verbose parsed url   search: null,
22 verbose parsed url   query: null,
22 verbose parsed url   pathname: '~1.6.2',
22 verbose parsed url   path: '~1.6.2',
22 verbose parsed url   href: '~1.6.2' }
23 verbose addNamed [ 'body-parser', '~1.6.2' ]
24 verbose addNamed [ null, '>=1.6.2-0 <1.7.0-0' ]
25 silly lockFile b8fc5be2-bcryptjs-0-7-10 bcryptjs@0.7.10
26 verbose lock bcryptjs@0.7.10 /Users/Nichole/.npm/b8fc5be2-bcryptjs-0-7-10.lock
27 silly lockFile 31027577-body-parser-1-6-2 body-parser@~1.6.2
28 verbose lock body-parser@~1.6.2 /Users/Nichole/.npm/31027577-body-parser-1-6-2.lock
29 verbose cache add [ 'busboy@0.2.3', null ]
30 verbose cache add name=undefined spec="busboy@0.2.3" args=["busboy@0.2.3",null]
31 verbose parsed url { protocol: null,
31 verbose parsed url   slashes: null,
31 verbose parsed url   auth: null,
31 verbose parsed url   host: null,
31 verbose parsed url   port: null,
31 verbose parsed url   hostname: null,
31 verbose parsed url   hash: null,
31 verbose parsed url   search: null,
31 verbose parsed url   query: null,
31 verbose parsed url   pathname: 'busboy@0.2.3',
31 verbose parsed url   path: 'busboy@0.2.3',
31 verbose parsed url   href: 'busboy@0.2.3' }
32 verbose cache add [ 'colors@0.6.2', null ]
33 verbose cache add name=undefined spec="colors@0.6.2" args=["colors@0.6.2",null]
34 verbose parsed url { protocol: null,
34 verbose parsed url   slashes: null,
34 verbose parsed url   auth: null,
34 verbose parsed url   host: null,
34 verbose parsed url   port: null,
34 verbose parsed url   hostname: null,
34 verbose parsed url   hash: null,
34 verbose parsed url   search: null,
34 verbose parsed url   query: null,
34 verbose parsed url   pathname: 'colors@0.6.2',
34 verbose parsed url   path: 'colors@0.6.2',
34 verbose parsed url   href: 'colors@0.6.2' }
35 verbose cache add name="bookshelf" spec="0.7.6" args=["bookshelf","0.7.6"]
36 verbose parsed url { protocol: null,
36 verbose parsed url   slashes: null,
36 verbose parsed url   auth: null,
36 verbose parsed url   host: null,
36 verbose parsed url   port: null,
36 verbose parsed url   hostname: null,
36 verbose parsed url   hash: null,
36 verbose parsed url   search: null,
36 verbose parsed url   query: null,
36 verbose parsed url   pathname: '0.7.6',
36 verbose parsed url   path: '0.7.6',
36 verbose parsed url   href: '0.7.6' }
37 verbose addNamed [ 'bookshelf', '0.7.6' ]
38 verbose addNamed [ '0.7.6', '0.7.6' ]
39 silly lockFile 6e521f43-bookshelf-0-7-6 bookshelf@0.7.6
40 verbose lock bookshelf@0.7.6 /Users/Nichole/.npm/6e521f43-bookshelf-0-7-6.lock
41 verbose cache add name="busboy" spec="0.2.3" args=["busboy","0.2.3"]
42 verbose parsed url { protocol: null,
42 verbose parsed url   slashes: null,
42 verbose parsed url   auth: null,
42 verbose parsed url   host: null,
42 verbose parsed url   port: null,
42 verbose parsed url   hostname: null,
42 verbose parsed url   hash: null,
42 verbose parsed url   search: null,
42 verbose parsed url   query: null,
42 verbose parsed url   pathname: '0.2.3',
42 verbose parsed url   path: '0.2.3',
42 verbose parsed url   href: '0.2.3' }
43 verbose addNamed [ 'busboy', '0.2.3' ]
44 verbose addNamed [ '0.2.3', '0.2.3' ]
45 silly lockFile aeee2800-busboy-0-2-3 busboy@0.2.3
46 verbose lock busboy@0.2.3 /Users/Nichole/.npm/aeee2800-busboy-0-2-3.lock
47 verbose cache add [ 'compression@^1.0.2', null ]
48 verbose cache add name=undefined spec="compression@^1.0.2" args=["compression@^1.0.2",null]
49 verbose parsed url { protocol: null,
49 verbose parsed url   slashes: null,
49 verbose parsed url   auth: null,
49 verbose parsed url   host: null,
49 verbose parsed url   port: null,
49 verbose parsed url   hostname: null,
49 verbose parsed url   hash: null,
49 verbose parsed url   search: null,
49 verbose parsed url   query: null,
49 verbose parsed url   pathname: 'compression@^1.0.2',
49 verbose parsed url   path: 'compression@^1.0.2',
49 verbose parsed url   href: 'compression@^1.0.2' }
50 verbose cache add name="colors" spec="0.6.2" args=["colors","0.6.2"]
51 verbose parsed url { protocol: null,
51 verbose parsed url   slashes: null,
51 verbose parsed url   auth: null,
51 verbose parsed url   host: null,
51 verbose parsed url   port: null,
51 verbose parsed url   hostname: null,
51 verbose parsed url   hash: null,
51 verbose parsed url   search: null,
51 verbose parsed url   query: null,
51 verbose parsed url   pathname: '0.6.2',
51 verbose parsed url   path: '0.6.2',
51 verbose parsed url   href: '0.6.2' }
52 verbose addNamed [ 'colors', '0.6.2' ]
53 verbose addNamed [ '0.6.2', '0.6.2' ]
54 silly lockFile 1ce149d5-colors-0-6-2 colors@0.6.2
55 verbose lock colors@0.6.2 /Users/Nichole/.npm/1ce149d5-colors-0-6-2.lock
56 silly addNameRange { name: 'body-parser',
56 silly addNameRange   range: '>=1.6.2-0 <1.7.0-0',
56 silly addNameRange   hasData: false }
57 verbose cache add [ 'connect@3.0.0-rc.1', null ]
58 verbose cache add name=undefined spec="connect@3.0.0-rc.1" args=["connect@3.0.0-rc.1",null]
59 verbose parsed url { protocol: null,
59 verbose parsed url   slashes: null,
59 verbose parsed url   auth: null,
59 verbose parsed url   host: null,
59 verbose parsed url   port: null,
59 verbose parsed url   hostname: null,
59 verbose parsed url   hash: null,
59 verbose parsed url   search: null,
59 verbose parsed url   query: null,
59 verbose parsed url   pathname: 'connect@3.0.0-rc.1',
59 verbose parsed url   path: 'connect@3.0.0-rc.1',
59 verbose parsed url   href: 'connect@3.0.0-rc.1' }
60 verbose cache add [ 'connect-slashes@1.2.0', null ]
61 verbose cache add name=undefined spec="connect-slashes@1.2.0" args=["connect-slashes@1.2.0",null]
62 verbose parsed url { protocol: null,
62 verbose parsed url   slashes: null,
62 verbose parsed url   auth: null,
62 verbose parsed url   host: null,
62 verbose parsed url   port: null,
62 verbose parsed url   hostname: null,
62 verbose parsed url   hash: null,
62 verbose parsed url   search: null,
62 verbose parsed url   query: null,
62 verbose parsed url   pathname: 'connect-slashes@1.2.0',
62 verbose parsed url   path: 'connect-slashes@1.2.0',
62 verbose parsed url   href: 'connect-slashes@1.2.0' }
63 verbose cache add [ 'cookie-parser@1.0.1', null ]
64 verbose cache add name=undefined spec="cookie-parser@1.0.1" args=["cookie-parser@1.0.1",null]
65 verbose parsed url { protocol: null,
65 verbose parsed url   slashes: null,
65 verbose parsed url   auth: null,
65 verbose parsed url   host: null,
65 verbose parsed url   port: null,
65 verbose parsed url   hostname: null,
65 verbose parsed url   hash: null,
65 verbose parsed url   search: null,
65 verbose parsed url   query: null,
65 verbose parsed url   pathname: 'cookie-parser@1.0.1',
65 verbose parsed url   path: 'cookie-parser@1.0.1',
65 verbose parsed url   href: 'cookie-parser@1.0.1' }
66 verbose cache add [ 'downsize@0.0.5', null ]
67 verbose cache add name=undefined spec="downsize@0.0.5" args=["downsize@0.0.5",null]
68 verbose parsed url { protocol: null,
68 verbose parsed url   slashes: null,
68 verbose parsed url   auth: null,
68 verbose parsed url   host: null,
68 verbose parsed url   port: null,
68 verbose parsed url   hostname: null,
68 verbose parsed url   hash: null,
68 verbose parsed url   search: null,
68 verbose parsed url   query: null,
68 verbose parsed url   pathname: 'downsize@0.0.5',
68 verbose parsed url   path: 'downsize@0.0.5',
68 verbose parsed url   href: 'downsize@0.0.5' }
69 verbose cache add [ 'express@~4.8.3', null ]
70 verbose cache add name=undefined spec="express@~4.8.3" args=["express@~4.8.3",null]
71 verbose parsed url { protocol: null,
71 verbose parsed url   slashes: null,
71 verbose parsed url   auth: null,
71 verbose parsed url   host: null,
71 verbose parsed url   port: null,
71 verbose parsed url   hostname: null,
71 verbose parsed url   hash: null,
71 verbose parsed url   search: null,
71 verbose parsed url   query: null,
71 verbose parsed url   pathname: 'express@~4.8.3',
71 verbose parsed url   path: 'express@~4.8.3',
71 verbose parsed url   href: 'express@~4.8.3' }
72 verbose cache add name="compression" spec="^1.0.2" args=["compression","^1.0.2"]
73 verbose parsed url { protocol: null,
73 verbose parsed url   slashes: null,
73 verbose parsed url   auth: null,
73 verbose parsed url   host: null,
73 verbose parsed url   port: null,
73 verbose parsed url   hostname: null,
73 verbose parsed url   hash: null,
73 verbose parsed url   search: null,
73 verbose parsed url   query: null,
73 verbose parsed url   pathname: '^1.0.2',
73 verbose parsed url   path: '^1.0.2',
73 verbose parsed url   href: '^1.0.2' }
74 verbose addNamed [ 'compression', '^1.0.2' ]
75 verbose addNamed [ null, '>=1.0.2-0 <2.0.0-0' ]
76 silly lockFile 11257b3b-compression-1-0-2 compression@^1.0.2
77 verbose lock compression@^1.0.2 /Users/Nichole/.npm/11257b3b-compression-1-0-2.lock
78 verbose cache add name="connect" spec="3.0.0-rc.1" args=["connect","3.0.0-rc.1"]
79 verbose parsed url { protocol: null,
79 verbose parsed url   slashes: null,
79 verbose parsed url   auth: null,
79 verbose parsed url   host: null,
79 verbose parsed url   port: null,
79 verbose parsed url   hostname: null,
79 verbose parsed url   hash: null,
79 verbose parsed url   search: null,
79 verbose parsed url   query: null,
79 verbose parsed url   pathname: '3.0.0-rc.1',
79 verbose parsed url   path: '3.0.0-rc.1',
79 verbose parsed url   href: '3.0.0-rc.1' }
80 verbose addNamed [ 'connect', '3.0.0-rc.1' ]
81 verbose addNamed [ '3.0.0-rc.1', '3.0.0-rc.1' ]
82 silly lockFile 93678a07-connect-3-0-0-rc-1 connect@3.0.0-rc.1
83 verbose lock connect@3.0.0-rc.1 /Users/Nichole/.npm/93678a07-connect-3-0-0-rc-1.lock
84 verbose cache add name="connect-slashes" spec="1.2.0" args=["connect-slashes","1.2.0"]
85 verbose parsed url { protocol: null,
85 verbose parsed url   slashes: null,
85 verbose parsed url   auth: null,
85 verbose parsed url   host: null,
85 verbose parsed url   port: null,
85 verbose parsed url   hostname: null,
85 verbose parsed url   hash: null,
85 verbose parsed url   search: null,
85 verbose parsed url   query: null,
85 verbose parsed url   pathname: '1.2.0',
85 verbose parsed url   path: '1.2.0',
85 verbose parsed url   href: '1.2.0' }
86 verbose addNamed [ 'connect-slashes', '1.2.0' ]
87 verbose addNamed [ '1.2.0', '1.2.0' ]
88 silly lockFile af24efd4-connect-slashes-1-2-0 connect-slashes@1.2.0
89 verbose lock connect-slashes@1.2.0 /Users/Nichole/.npm/af24efd4-connect-slashes-1-2-0.lock
90 verbose cache add name="cookie-parser" spec="1.0.1" args=["cookie-parser","1.0.1"]
91 verbose parsed url { protocol: null,
91 verbose parsed url   slashes: null,
91 verbose parsed url   auth: null,
91 verbose parsed url   host: null,
91 verbose parsed url   port: null,
91 verbose parsed url   hostname: null,
91 verbose parsed url   hash: null,
91 verbose parsed url   search: null,
91 verbose parsed url   query: null,
91 verbose parsed url   pathname: '1.0.1',
91 verbose parsed url   path: '1.0.1',
91 verbose parsed url   href: '1.0.1' }
92 verbose addNamed [ 'cookie-parser', '1.0.1' ]
93 verbose addNamed [ '1.0.1', '1.0.1' ]
94 silly lockFile 8d245ba8-cookie-parser-1-0-1 cookie-parser@1.0.1
95 verbose lock cookie-parser@1.0.1 /Users/Nichole/.npm/8d245ba8-cookie-parser-1-0-1.lock
96 verbose cache add name="downsize" spec="0.0.5" args=["downsize","0.0.5"]
97 verbose parsed url { protocol: null,
97 verbose parsed url   slashes: null,
97 verbose parsed url   auth: null,
97 verbose parsed url   host: null,
97 verbose parsed url   port: null,
97 verbose parsed url   hostname: null,
97 verbose parsed url   hash: null,
97 verbose parsed url   search: null,
97 verbose parsed url   query: null,
97 verbose parsed url   pathname: '0.0.5',
97 verbose parsed url   path: '0.0.5',
97 verbose parsed url   href: '0.0.5' }
98 verbose addNamed [ 'downsize', '0.0.5' ]
99 verbose addNamed [ '0.0.5', '0.0.5' ]
100 silly lockFile 2f03cd26-downsize-0-0-5 downsize@0.0.5
101 verbose lock downsize@0.0.5 /Users/Nichole/.npm/2f03cd26-downsize-0-0-5.lock
102 verbose cache add [ 'express-hbs@0.7.10', null ]
103 verbose cache add name=undefined spec="express-hbs@0.7.10" args=["express-hbs@0.7.10",null]
104 verbose parsed url { protocol: null,
104 verbose parsed url   slashes: null,
104 verbose parsed url   auth: null,
104 verbose parsed url   host: null,
104 verbose parsed url   port: null,
104 verbose parsed url   hostname: null,
104 verbose parsed url   hash: null,
104 verbose parsed url   search: null,
104 verbose parsed url   query: null,
104 verbose parsed url   pathname: 'express-hbs@0.7.10',
104 verbose parsed url   path: 'express-hbs@0.7.10',
104 verbose parsed url   href: 'express-hbs@0.7.10' }
105 verbose cache add [ 'express-session@1.0.4', null ]
106 verbose cache add name=undefined spec="express-session@1.0.4" args=["express-session@1.0.4",null]
107 verbose parsed url { protocol: null,
107 verbose parsed url   slashes: null,
107 verbose parsed url   auth: null,
107 verbose parsed url   host: null,
107 verbose parsed url   port: null,
107 verbose parsed url   hostname: null,
107 verbose parsed url   hash: null,
107 verbose parsed url   search: null,
107 verbose parsed url   query: null,
107 verbose parsed url   pathname: 'express-session@1.0.4',
107 verbose parsed url   path: 'express-session@1.0.4',
107 verbose parsed url   href: 'express-session@1.0.4' }
108 verbose cache add name="express" spec="~4.8.3" args=["express","~4.8.3"]
109 verbose parsed url { protocol: null,
109 verbose parsed url   slashes: null,
109 verbose parsed url   auth: null,
109 verbose parsed url   host: null,
109 verbose parsed url   port: null,
109 verbose parsed url   hostname: null,
109 verbose parsed url   hash: null,
109 verbose parsed url   search: null,
109 verbose parsed url   query: null,
109 verbose parsed url   pathname: '~4.8.3',
109 verbose parsed url   path: '~4.8.3',
109 verbose parsed url   href: '~4.8.3' }
110 verbose addNamed [ 'express', '~4.8.3' ]
111 verbose addNamed [ null, '>=4.8.3-0 <4.9.0-0' ]
112 silly lockFile e6c7ca53-express-4-8-3 express@~4.8.3
113 verbose lock express@~4.8.3 /Users/Nichole/.npm/e6c7ca53-express-4-8-3.lock
114 verbose cache add name="express-hbs" spec="0.7.10" args=["express-hbs","0.7.10"]
115 verbose parsed url { protocol: null,
115 verbose parsed url   slashes: null,
115 verbose parsed url   auth: null,
115 verbose parsed url   host: null,
115 verbose parsed url   port: null,
115 verbose parsed url   hostname: null,
115 verbose parsed url   hash: null,
115 verbose parsed url   search: null,
115 verbose parsed url   query: null,
115 verbose parsed url   pathname: '0.7.10',
115 verbose parsed url   path: '0.7.10',
115 verbose parsed url   href: '0.7.10' }
116 verbose addNamed [ 'express-hbs', '0.7.10' ]
117 verbose addNamed [ '0.7.10', '0.7.10' ]
118 silly lockFile cf790583-express-hbs-0-7-10 express-hbs@0.7.10
119 verbose lock express-hbs@0.7.10 /Users/Nichole/.npm/cf790583-express-hbs-0-7-10.lock
120 verbose cache add [ 'fs-extra@0.8.1', null ]
121 verbose cache add name=undefined spec="fs-extra@0.8.1" args=["fs-extra@0.8.1",null]
122 verbose parsed url { protocol: null,
122 verbose parsed url   slashes: null,
122 verbose parsed url   auth: null,
122 verbose parsed url   host: null,
122 verbose parsed url   port: null,
122 verbose parsed url   hostname: null,
122 verbose parsed url   hash: null,
122 verbose parsed url   search: null,
122 verbose parsed url   query: null,
122 verbose parsed url   pathname: 'fs-extra@0.8.1',
122 verbose parsed url   path: 'fs-extra@0.8.1',
122 verbose parsed url   href: 'fs-extra@0.8.1' }
123 verbose cache add [ 'html-to-text@^0.1.0', null ]
124 verbose cache add name=undefined spec="html-to-text@^0.1.0" args=["html-to-text@^0.1.0",null]
125 verbose parsed url { protocol: null,
125 verbose parsed url   slashes: null,
125 verbose parsed url   auth: null,
125 verbose parsed url   host: null,
125 verbose parsed url   port: null,
125 verbose parsed url   hostname: null,
125 verbose parsed url   hash: null,
125 verbose parsed url   search: null,
125 verbose parsed url   query: null,
125 verbose parsed url   pathname: 'html-to-text@^0.1.0',
125 verbose parsed url   path: 'html-to-text@^0.1.0',
125 verbose parsed url   href: 'html-to-text@^0.1.0' }
126 verbose cache add name="express-session" spec="1.0.4" args=["express-session","1.0.4"]
127 verbose parsed url { protocol: null,
127 verbose parsed url   slashes: null,
127 verbose parsed url   auth: null,
127 verbose parsed url   host: null,
127 verbose parsed url   port: null,
127 verbose parsed url   hostname: null,
127 verbose parsed url   hash: null,
127 verbose parsed url   search: null,
127 verbose parsed url   query: null,
127 verbose parsed url   pathname: '1.0.4',
127 verbose parsed url   path: '1.0.4',
127 verbose parsed url   href: '1.0.4' }
128 verbose addNamed [ 'express-session', '1.0.4' ]
129 verbose addNamed [ '1.0.4', '1.0.4' ]
130 silly lockFile 0c902971-express-session-1-0-4 express-session@1.0.4
131 verbose lock express-session@1.0.4 /Users/Nichole/.npm/0c902971-express-session-1-0-4.lock
132 silly addNameRange { name: 'compression',
132 silly addNameRange   range: '>=1.0.2-0 <2.0.0-0',
132 silly addNameRange   hasData: false }
133 verbose cache add name="fs-extra" spec="0.8.1" args=["fs-extra","0.8.1"]
134 verbose parsed url { protocol: null,
134 verbose parsed url   slashes: null,
134 verbose parsed url   auth: null,
134 verbose parsed url   host: null,
134 verbose parsed url   port: null,
134 verbose parsed url   hostname: null,
134 verbose parsed url   hash: null,
134 verbose parsed url   search: null,
134 verbose parsed url   query: null,
134 verbose parsed url   pathname: '0.8.1',
134 verbose parsed url   path: '0.8.1',
134 verbose parsed url   href: '0.8.1' }
135 verbose addNamed [ 'fs-extra', '0.8.1' ]
136 verbose addNamed [ '0.8.1', '0.8.1' ]
137 silly lockFile a33ddd61-fs-extra-0-8-1 fs-extra@0.8.1
138 verbose lock fs-extra@0.8.1 /Users/Nichole/.npm/a33ddd61-fs-extra-0-8-1.lock
139 verbose cache add name="html-to-text" spec="^0.1.0" args=["html-to-text","^0.1.0"]
140 verbose parsed url { protocol: null,
140 verbose parsed url   slashes: null,
140 verbose parsed url   auth: null,
140 verbose parsed url   host: null,
140 verbose parsed url   port: null,
140 verbose parsed url   hostname: null,
140 verbose parsed url   hash: null,
140 verbose parsed url   search: null,
140 verbose parsed url   query: null,
140 verbose parsed url   pathname: '^0.1.0',
140 verbose parsed url   path: '^0.1.0',
140 verbose parsed url   href: '^0.1.0' }
141 verbose addNamed [ 'html-to-text', '^0.1.0' ]
142 verbose addNamed [ null, '>=0.1.0-0 <0.2.0-0' ]
143 silly lockFile 6194c48a-html-to-text-0-1-0 html-to-text@^0.1.0
144 verbose lock html-to-text@^0.1.0 /Users/Nichole/.npm/6194c48a-html-to-text-0-1-0.lock
145 verbose cache add [ 'knex@0.6.21', null ]
146 verbose cache add name=undefined spec="knex@0.6.21" args=["knex@0.6.21",null]
147 verbose parsed url { protocol: null,
147 verbose parsed url   slashes: null,
147 verbose parsed url   auth: null,
147 verbose parsed url   host: null,
147 verbose parsed url   port: null,
147 verbose parsed url   hostname: null,
147 verbose parsed url   hash: null,
147 verbose parsed url   search: null,
147 verbose parsed url   query: null,
147 verbose parsed url   pathname: 'knex@0.6.21',
147 verbose parsed url   path: 'knex@0.6.21',
147 verbose parsed url   href: 'knex@0.6.21' }
148 verbose cache add [ 'lodash@2.4.1', null ]
149 verbose cache add name=undefined spec="lodash@2.4.1" args=["lodash@2.4.1",null]
150 verbose parsed url { protocol: null,
150 verbose parsed url   slashes: null,
150 verbose parsed url   auth: null,
150 verbose parsed url   host: null,
150 verbose parsed url   port: null,
150 verbose parsed url   hostname: null,
150 verbose parsed url   hash: null,
150 verbose parsed url   search: null,
150 verbose parsed url   query: null,
150 verbose parsed url   pathname: 'lodash@2.4.1',
150 verbose parsed url   path: 'lodash@2.4.1',
150 verbose parsed url   href: 'lodash@2.4.1' }
151 verbose cache add [ 'moment@2.4.0', null ]
152 verbose cache add name=undefined spec="moment@2.4.0" args=["moment@2.4.0",null]
153 verbose parsed url { protocol: null,
153 verbose parsed url   slashes: null,
153 verbose parsed url   auth: null,
153 verbose parsed url   host: null,
153 verbose parsed url   port: null,
153 verbose parsed url   hostname: null,
153 verbose parsed url   hash: null,
153 verbose parsed url   search: null,
153 verbose parsed url   query: null,
153 verbose parsed url   pathname: 'moment@2.4.0',
153 verbose parsed url   path: 'moment@2.4.0',
153 verbose parsed url   href: 'moment@2.4.0' }
154 verbose cache add [ 'morgan@1.0.0', null ]
155 verbose cache add name=undefined spec="morgan@1.0.0" args=["morgan@1.0.0",null]
156 verbose parsed url { protocol: null,
156 verbose parsed url   slashes: null,
156 verbose parsed url   auth: null,
156 verbose parsed url   host: null,
156 verbose parsed url   port: null,
156 verbose parsed url   hostname: null,
156 verbose parsed url   hash: null,
156 verbose parsed url   search: null,
156 verbose parsed url   query: null,
156 verbose parsed url   pathname: 'morgan@1.0.0',
156 verbose parsed url   path: 'morgan@1.0.0',
156 verbose parsed url   href: 'morgan@1.0.0' }
157 silly addNameRange { name: 'express', range: '>=4.8.3-0 <4.9.0-0', hasData: false }
158 verbose cache add name="knex" spec="0.6.21" args=["knex","0.6.21"]
159 verbose parsed url { protocol: null,
159 verbose parsed url   slashes: null,
159 verbose parsed url   auth: null,
159 verbose parsed url   host: null,
159 verbose parsed url   port: null,
159 verbose parsed url   hostname: null,
159 verbose parsed url   hash: null,
159 verbose parsed url   search: null,
159 verbose parsed url   query: null,
159 verbose parsed url   pathname: '0.6.21',
159 verbose parsed url   path: '0.6.21',
159 verbose parsed url   href: '0.6.21' }
160 verbose addNamed [ 'knex', '0.6.21' ]
161 verbose addNamed [ '0.6.21', '0.6.21' ]
162 silly lockFile 65b289bf-knex-0-6-21 knex@0.6.21
163 verbose lock knex@0.6.21 /Users/Nichole/.npm/65b289bf-knex-0-6-21.lock
164 verbose cache add name="lodash" spec="2.4.1" args=["lodash","2.4.1"]
165 verbose parsed url { protocol: null,
165 verbose parsed url   slashes: null,
165 verbose parsed url   auth: null,
165 verbose parsed url   host: null,
165 verbose parsed url   port: null,
165 verbose parsed url   hostname: null,
165 verbose parsed url   hash: null,
165 verbose parsed url   search: null,
165 verbose parsed url   query: null,
165 verbose parsed url   pathname: '2.4.1',
165 verbose parsed url   path: '2.4.1',
165 verbose parsed url   href: '2.4.1' }
166 verbose addNamed [ 'lodash', '2.4.1' ]
167 verbose addNamed [ '2.4.1', '2.4.1' ]
168 silly lockFile 8502be2a-lodash-2-4-1 lodash@2.4.1
169 verbose lock lodash@2.4.1 /Users/Nichole/.npm/8502be2a-lodash-2-4-1.lock
170 verbose cache add name="moment" spec="2.4.0" args=["moment","2.4.0"]
171 verbose parsed url { protocol: null,
171 verbose parsed url   slashes: null,
171 verbose parsed url   auth: null,
171 verbose parsed url   host: null,
171 verbose parsed url   port: null,
171 verbose parsed url   hostname: null,
171 verbose parsed url   hash: null,
171 verbose parsed url   search: null,
171 verbose parsed url   query: null,
171 verbose parsed url   pathname: '2.4.0',
171 verbose parsed url   path: '2.4.0',
171 verbose parsed url   href: '2.4.0' }
172 verbose addNamed [ 'moment', '2.4.0' ]
173 verbose addNamed [ '2.4.0', '2.4.0' ]
174 silly lockFile 58c9da88-moment-2-4-0 moment@2.4.0
175 verbose lock moment@2.4.0 /Users/Nichole/.npm/58c9da88-moment-2-4-0.lock
176 verbose cache add [ 'node-polyglot@0.3.0', null ]
177 verbose cache add name=undefined spec="node-polyglot@0.3.0" args=["node-polyglot@0.3.0",null]
178 verbose parsed url { protocol: null,
178 verbose parsed url   slashes: null,
178 verbose parsed url   auth: null,
178 verbose parsed url   host: null,
178 verbose parsed url   port: null,
178 verbose parsed url   hostname: null,
178 verbose parsed url   hash: null,
178 verbose parsed url   search: null,
178 verbose parsed url   query: null,
178 verbose parsed url   pathname: 'node-polyglot@0.3.0',
178 verbose parsed url   path: 'node-polyglot@0.3.0',
178 verbose parsed url   href: 'node-polyglot@0.3.0' }
179 verbose cache add [ 'node-uuid@1.4.1', null ]
180 verbose cache add name=undefined spec="node-uuid@1.4.1" args=["node-uuid@1.4.1",null]
181 verbose parsed url { protocol: null,
181 verbose parsed url   slashes: null,
181 verbose parsed url   auth: null,
181 verbose parsed url   host: null,
181 verbose parsed url   port: null,
181 verbose parsed url   hostname: null,
181 verbose parsed url   hash: null,
181 verbose parsed url   search: null,
181 verbose parsed url   query: null,
181 verbose parsed url   pathname: 'node-uuid@1.4.1',
181 verbose parsed url   path: 'node-uuid@1.4.1',
181 verbose parsed url   href: 'node-uuid@1.4.1' }
182 verbose cache add name="morgan" spec="1.0.0" args=["morgan","1.0.0"]
183 verbose parsed url { protocol: null,
183 verbose parsed url   slashes: null,
183 verbose parsed url   auth: null,
183 verbose parsed url   host: null,
183 verbose parsed url   port: null,
183 verbose parsed url   hostname: null,
183 verbose parsed url   hash: null,
183 verbose parsed url   search: null,
183 verbose parsed url   query: null,
183 verbose parsed url   pathname: '1.0.0',
183 verbose parsed url   path: '1.0.0',
183 verbose parsed url   href: '1.0.0' }
184 verbose addNamed [ 'morgan', '1.0.0' ]
185 verbose addNamed [ '1.0.0', '1.0.0' ]
186 silly lockFile 45551810-morgan-1-0-0 morgan@1.0.0
187 verbose lock morgan@1.0.0 /Users/Nichole/.npm/45551810-morgan-1-0-0.lock
188 verbose request where is /bcryptjs
189 verbose request registry http://registry.npmjs.eu/
190 verbose request id e650177b5bed69b7
191 verbose url raw /bcryptjs
192 verbose url resolving [ 'http://registry.npmjs.eu/', './bcryptjs' ]
193 verbose url resolved http://registry.npmjs.eu/bcryptjs
194 verbose request where is http://registry.npmjs.eu/bcryptjs
195 info trying registry request attempt 1 at 20:30:27
196 verbose etag "53d9e06b-f3c8"
197 http GET http://registry.npmjs.eu/bcryptjs
198 verbose request where is /body-parser
199 verbose request registry http://registry.npmjs.eu/
200 verbose url raw /body-parser
201 verbose url resolving [ 'http://registry.npmjs.eu/', './body-parser' ]
202 verbose url resolved http://registry.npmjs.eu/body-parser
203 verbose request where is http://registry.npmjs.eu/body-parser
204 info trying registry request attempt 1 at 20:30:27
205 verbose etag "53e3aa59-1148a"
206 http GET http://registry.npmjs.eu/body-parser
207 silly addNameRange { name: 'html-to-text',
207 silly addNameRange   range: '>=0.1.0-0 <0.2.0-0',
207 silly addNameRange   hasData: false }
208 verbose cache add name="node-polyglot" spec="0.3.0" args=["node-polyglot","0.3.0"]
209 verbose parsed url { protocol: null,
209 verbose parsed url   slashes: null,
209 verbose parsed url   auth: null,
209 verbose parsed url   host: null,
209 verbose parsed url   port: null,
209 verbose parsed url   hostname: null,
209 verbose parsed url   hash: null,
209 verbose parsed url   search: null,
209 verbose parsed url   query: null,
209 verbose parsed url   pathname: '0.3.0',
209 verbose parsed url   path: '0.3.0',
209 verbose parsed url   href: '0.3.0' }
210 verbose addNamed [ 'node-polyglot', '0.3.0' ]
211 verbose addNamed [ '0.3.0', '0.3.0' ]
212 silly lockFile d435b00b-node-polyglot-0-3-0 node-polyglot@0.3.0
213 verbose lock node-polyglot@0.3.0 /Users/Nichole/.npm/d435b00b-node-polyglot-0-3-0.lock
214 verbose cache add [ 'nodemailer@0.5.13', null ]
215 verbose cache add name=undefined spec="nodemailer@0.5.13" args=["nodemailer@0.5.13",null]
216 verbose parsed url { protocol: null,
216 verbose parsed url   slashes: null,
216 verbose parsed url   auth: null,
216 verbose parsed url   host: null,
216 verbose parsed url   port: null,
216 verbose parsed url   hostname: null,
216 verbose parsed url   hash: null,
216 verbose parsed url   search: null,
216 verbose parsed url   query: null,
216 verbose parsed url   pathname: 'nodemailer@0.5.13',
216 verbose parsed url   path: 'nodemailer@0.5.13',
216 verbose parsed url   href: 'nodemailer@0.5.13' }
217 verbose cache add [ 'oauth2orize@1.0.1', null ]
218 verbose cache add name=undefined spec="oauth2orize@1.0.1" args=["oauth2orize@1.0.1",null]
219 verbose parsed url { protocol: null,
219 verbose parsed url   slashes: null,
219 verbose parsed url   auth: null,
219 verbose parsed url   host: null,
219 verbose parsed url   port: null,
219 verbose parsed url   hostname: null,
219 verbose parsed url   hash: null,
219 verbose parsed url   search: null,
219 verbose parsed url   query: null,
219 verbose parsed url   pathname: 'oauth2orize@1.0.1',
219 verbose parsed url   path: 'oauth2orize@1.0.1',
219 verbose parsed url   href: 'oauth2orize@1.0.1' }
220 verbose cache add [ 'passport@0.2.0', null ]
221 verbose cache add name=undefined spec="passport@0.2.0" args=["passport@0.2.0",null]
222 verbose parsed url { protocol: null,
222 verbose parsed url   slashes: null,
222 verbose parsed url   auth: null,
222 verbose parsed url   host: null,
222 verbose parsed url   port: null,
222 verbose parsed url   hostname: null,
222 verbose parsed url   hash: null,
222 verbose parsed url   search: null,
222 verbose parsed url   query: null,
222 verbose parsed url   pathname: 'passport@0.2.0',
222 verbose parsed url   path: 'passport@0.2.0',
222 verbose parsed url   href: 'passport@0.2.0' }
223 verbose cache add [ 'passport-http-bearer@1.0.1', null ]
224 verbose cache add name=undefined spec="passport-http-bearer@1.0.1" args=["passport-http-bearer@1.0.1",null]
225 verbose parsed url { protocol: null,
225 verbose parsed url   slashes: null,
225 verbose parsed url   auth: null,
225 verbose parsed url   host: null,
225 verbose parsed url   port: null,
225 verbose parsed url   hostname: null,
225 verbose parsed url   hash: null,
225 verbose parsed url   search: null,
225 verbose parsed url   query: null,
225 verbose parsed url   pathname: 'passport-http-bearer@1.0.1',
225 verbose parsed url   path: 'passport-http-bearer@1.0.1',
225 verbose parsed url   href: 'passport-http-bearer@1.0.1' }
226 verbose cache add [ 'passport-oauth2-client-password@0.1.1', null ]
227 verbose cache add name=undefined spec="passport-oauth2-client-password@0.1.1" args=["passport-oauth2-client-password@0.1.1",null]
228 verbose parsed url { protocol: null,
228 verbose parsed url   slashes: null,
228 verbose parsed url   auth: null,
228 verbose parsed url   host: null,
228 verbose parsed url   port: null,
228 verbose parsed url   hostname: null,
228 verbose parsed url   hash: null,
228 verbose parsed url   search: null,
228 verbose parsed url   query: null,
228 verbose parsed url   pathname: 'passport-oauth2-client-password@0.1.1',
228 verbose parsed url   path: 'passport-oauth2-client-password@0.1.1',
228 verbose parsed url   href: 'passport-oauth2-client-password@0.1.1' }
229 verbose cache add [ 'rss@0.2.1', null ]
230 verbose cache add name=undefined spec="rss@0.2.1" args=["rss@0.2.1",null]
231 verbose parsed url { protocol: null,
231 verbose parsed url   slashes: null,
231 verbose parsed url   auth: null,
231 verbose parsed url   host: null,
231 verbose parsed url   port: null,
231 verbose parsed url   hostname: null,
231 verbose parsed url   hash: null,
231 verbose parsed url   search: null,
231 verbose parsed url   query: null,
231 verbose parsed url   pathname: 'rss@0.2.1',
231 verbose parsed url   path: 'rss@0.2.1',
231 verbose parsed url   href: 'rss@0.2.1' }
232 verbose cache add [ 'semver@2.2.1', null ]
233 verbose cache add name=undefined spec="semver@2.2.1" args=["semver@2.2.1",null]
234 verbose parsed url { protocol: null,
234 verbose parsed url   slashes: null,
234 verbose parsed url   auth: null,
234 verbose parsed url   host: null,
234 verbose parsed url   port: null,
234 verbose parsed url   hostname: null,
234 verbose parsed url   hash: null,
234 verbose parsed url   search: null,
234 verbose parsed url   query: null,
234 verbose parsed url   pathname: 'semver@2.2.1',
234 verbose parsed url   path: 'semver@2.2.1',
234 verbose parsed url   href: 'semver@2.2.1' }
235 verbose cache add [ 'showdown@https://github.com/ErisDS/showdown/archive/v0.3.2-ghost.tar.gz',
235 verbose cache add   null ]
236 verbose cache add name=undefined spec="showdown@https://github.com/ErisDS/showdown/archive/v0.3.2-ghost.tar.gz" args=["showdown@https://github.com/ErisDS/showdown/archive/v0.3.2-ghost.tar.gz",null]
237 verbose parsed url { protocol: null,
237 verbose parsed url   slashes: null,
237 verbose parsed url   auth: null,
237 verbose parsed url   host: null,
237 verbose parsed url   port: null,
237 verbose parsed url   hostname: null,
237 verbose parsed url   hash: null,
237 verbose parsed url   search: null,
237 verbose parsed url   query: null,
237 verbose parsed url   pathname: 'showdown@https://github.com/ErisDS/showdown/archive/v0.3.2-ghost.tar.gz',
237 verbose parsed url   path: 'showdown@https://github.com/ErisDS/showdown/archive/v0.3.2-ghost.tar.gz',
237 verbose parsed url   href: 'showdown@https://github.com/ErisDS/showdown/archive/v0.3.2-ghost.tar.gz' }
238 verbose cache add [ 'sqlite3@2.2.3', null ]
239 verbose cache add name=undefined spec="sqlite3@2.2.3" args=["sqlite3@2.2.3",null]
240 verbose parsed url { protocol: null,
240 verbose parsed url   slashes: null,
240 verbose parsed url   auth: null,
240 verbose parsed url   host: null,
240 verbose parsed url   port: null,
240 verbose parsed url   hostname: null,
240 verbose parsed url   hash: null,
240 verbose parsed url   search: null,
240 verbose parsed url   query: null,
240 verbose parsed url   pathname: 'sqlite3@2.2.3',
240 verbose parsed url   path: 'sqlite3@2.2.3',
240 verbose parsed url   href: 'sqlite3@2.2.3' }
241 verbose cache add [ 'static-favicon@1.0.2', null ]
242 verbose cache add name=undefined spec="static-favicon@1.0.2" args=["static-favicon@1.0.2",null]
243 verbose parsed url { protocol: null,
243 verbose parsed url   slashes: null,
243 verbose parsed url   auth: null,
243 verbose parsed url   host: null,
243 verbose parsed url   port: null,
243 verbose parsed url   hostname: null,
243 verbose parsed url   hash: null,
243 verbose parsed url   search: null,
243 verbose parsed url   query: null,
243 verbose parsed url   pathname: 'static-favicon@1.0.2',
243 verbose parsed url   path: 'static-favicon@1.0.2',
243 verbose parsed url   href: 'static-favicon@1.0.2' }
244 verbose cache add [ 'unidecode@0.1.3', null ]
245 verbose cache add name=undefined spec="unidecode@0.1.3" args=["unidecode@0.1.3",null]
246 verbose parsed url { protocol: null,
246 verbose parsed url   slashes: null,
246 verbose parsed url   auth: null,
246 verbose parsed url   host: null,
246 verbose parsed url   port: null,
246 verbose parsed url   hostname: null,
246 verbose parsed url   hash: null,
246 verbose parsed url   search: null,
246 verbose parsed url   query: null,
246 verbose parsed url   pathname: 'unidecode@0.1.3',
246 verbose parsed url   path: 'unidecode@0.1.3',
246 verbose parsed url   href: 'unidecode@0.1.3' }
247 verbose cache add [ 'validator@3.4.0', null ]
248 verbose cache add name=undefined spec="validator@3.4.0" args=["validator@3.4.0",null]
249 verbose parsed url { protocol: null,
249 verbose parsed url   slashes: null,
249 verbose parsed url   auth: null,
249 verbose parsed url   host: null,
249 verbose parsed url   port: null,
249 verbose parsed url   hostname: null,
249 verbose parsed url   hash: null,
249 verbose parsed url   search: null,
249 verbose parsed url   query: null,
249 verbose parsed url   pathname: 'validator@3.4.0',
249 verbose parsed url   path: 'validator@3.4.0',
249 verbose parsed url   href: 'validator@3.4.0' }
250 verbose cache add [ 'when@3.2.3', null ]
251 verbose cache add name=undefined spec="when@3.2.3" args=["when@3.2.3",null]
252 verbose parsed url { protocol: null,
252 verbose parsed url   slashes: null,
252 verbose parsed url   auth: null,
252 verbose parsed url   host: null,
252 verbose parsed url   port: null,
252 verbose parsed url   hostname: null,
252 verbose parsed url   hash: null,
252 verbose parsed url   search: null,
252 verbose parsed url   query: null,
252 verbose parsed url   pathname: 'when@3.2.3',
252 verbose parsed url   path: 'when@3.2.3',
252 verbose parsed url   href: 'when@3.2.3' }
253 verbose cache add [ 'xml@0.0.12', null ]
254 verbose cache add name=undefined spec="xml@0.0.12" args=["xml@0.0.12",null]
255 verbose parsed url { protocol: null,
255 verbose parsed url   slashes: null,
255 verbose parsed url   auth: null,
255 verbose parsed url   host: null,
255 verbose parsed url   port: null,
255 verbose parsed url   hostname: null,
255 verbose parsed url   hash: null,
255 verbose parsed url   search: null,
255 verbose parsed url   query: null,
255 verbose parsed url   pathname: 'xml@0.0.12',
255 verbose parsed url   path: 'xml@0.0.12',
255 verbose parsed url   href: 'xml@0.0.12' }
256 verbose cache add [ 'mysql@2.1.1', null ]
257 verbose cache add name=undefined spec="mysql@2.1.1" args=["mysql@2.1.1",null]
258 verbose parsed url { protocol: null,
258 verbose parsed url   slashes: null,
258 verbose parsed url   auth: null,
258 verbose parsed url   host: null,
258 verbose parsed url   port: null,
258 verbose parsed url   hostname: null,
258 verbose parsed url   hash: null,
258 verbose parsed url   search: null,
258 verbose parsed url   query: null,
258 verbose parsed url   pathname: 'mysql@2.1.1',
258 verbose parsed url   path: 'mysql@2.1.1',
258 verbose parsed url   href: 'mysql@2.1.1' }
259 verbose cache add name="node-uuid" spec="1.4.1" args=["node-uuid","1.4.1"]
260 verbose parsed url { protocol: null,
260 verbose parsed url   slashes: null,
260 verbose parsed url   auth: null,
260 verbose parsed url   host: null,
260 verbose parsed url   port: null,
260 verbose parsed url   hostname: null,
260 verbose parsed url   hash: null,
260 verbose parsed url   search: null,
260 verbose parsed url   query: null,
260 verbose parsed url   pathname: '1.4.1',
260 verbose parsed url   path: '1.4.1',
260 verbose parsed url   href: '1.4.1' }
261 verbose addNamed [ 'node-uuid', '1.4.1' ]
262 verbose addNamed [ '1.4.1', '1.4.1' ]
263 silly lockFile 7c2028cd-node-uuid-1-4-1 node-uuid@1.4.1
264 verbose lock node-uuid@1.4.1 /Users/Nichole/.npm/7c2028cd-node-uuid-1-4-1.lock
265 verbose request where is /bookshelf
266 verbose request registry http://registry.npmjs.eu/
267 verbose url raw /bookshelf
268 verbose url resolving [ 'http://registry.npmjs.eu/', './bookshelf' ]
269 verbose url resolved http://registry.npmjs.eu/bookshelf
270 verbose request where is http://registry.npmjs.eu/bookshelf
271 info trying registry request attempt 1 at 20:30:27
272 verbose etag "53d9e0a2-224e9"
273 http GET http://registry.npmjs.eu/bookshelf
274 verbose request where is /busboy
275 verbose request registry http://registry.npmjs.eu/
276 verbose url raw /busboy
277 verbose url resolving [ 'http://registry.npmjs.eu/', './busboy' ]
278 verbose url resolved http://registry.npmjs.eu/busboy
279 verbose request where is http://registry.npmjs.eu/busboy
280 info trying registry request attempt 1 at 20:30:27
281 verbose etag "53d9dd46-f00f"
282 http GET http://registry.npmjs.eu/busboy
283 verbose cache add name="nodemailer" spec="0.5.13" args=["nodemailer","0.5.13"]
284 verbose parsed url { protocol: null,
284 verbose parsed url   slashes: null,
284 verbose parsed url   auth: null,
284 verbose parsed url   host: null,
284 verbose parsed url   port: null,
284 verbose parsed url   hostname: null,
284 verbose parsed url   hash: null,
284 verbose parsed url   search: null,
284 verbose parsed url   query: null,
284 verbose parsed url   pathname: '0.5.13',
284 verbose parsed url   path: '0.5.13',
284 verbose parsed url   href: '0.5.13' }
285 verbose addNamed [ 'nodemailer', '0.5.13' ]
286 verbose addNamed [ '0.5.13', '0.5.13' ]
287 silly lockFile 8551934d-nodemailer-0-5-13 nodemailer@0.5.13
288 verbose lock nodemailer@0.5.13 /Users/Nichole/.npm/8551934d-nodemailer-0-5-13.lock
289 verbose cache add name="oauth2orize" spec="1.0.1" args=["oauth2orize","1.0.1"]
290 verbose parsed url { protocol: null,
290 verbose parsed url   slashes: null,
290 verbose parsed url   auth: null,
290 verbose parsed url   host: null,
290 verbose parsed url   port: null,
290 verbose parsed url   hostname: null,
290 verbose parsed url   hash: null,
290 verbose parsed url   search: null,
290 verbose parsed url   query: null,
290 verbose parsed url   pathname: '1.0.1',
290 verbose parsed url   path: '1.0.1',
290 verbose parsed url   href: '1.0.1' }
291 verbose addNamed [ 'oauth2orize', '1.0.1' ]
292 verbose addNamed [ '1.0.1', '1.0.1' ]
293 silly lockFile 8bc541ef-oauth2orize-1-0-1 oauth2orize@1.0.1
294 verbose lock oauth2orize@1.0.1 /Users/Nichole/.npm/8bc541ef-oauth2orize-1-0-1.lock
295 verbose cache add name="passport" spec="0.2.0" args=["passport","0.2.0"]
296 verbose parsed url { protocol: null,
296 verbose parsed url   slashes: null,
296 verbose parsed url   auth: null,
296 verbose parsed url   host: null,
296 verbose parsed url   port: null,
296 verbose parsed url   hostname: null,
296 verbose parsed url   hash: null,
296 verbose parsed url   search: null,
296 verbose parsed url   query: null,
296 verbose parsed url   pathname: '0.2.0',
296 verbose parsed url   path: '0.2.0',
296 verbose parsed url   href: '0.2.0' }
297 verbose addNamed [ 'passport', '0.2.0' ]
298 verbose addNamed [ '0.2.0', '0.2.0' ]
299 silly lockFile 315c7a7b-passport-0-2-0 passport@0.2.0
300 verbose lock passport@0.2.0 /Users/Nichole/.npm/315c7a7b-passport-0-2-0.lock
301 verbose cache add name="passport-http-bearer" spec="1.0.1" args=["passport-http-bearer","1.0.1"]
302 verbose parsed url { protocol: null,
302 verbose parsed url   slashes: null,
302 verbose parsed url   auth: null,
302 verbose parsed url   host: null,
302 verbose parsed url   port: null,
302 verbose parsed url   hostname: null,
302 verbose parsed url   hash: null,
302 verbose parsed url   search: null,
302 verbose parsed url   query: null,
302 verbose parsed url   pathname: '1.0.1',
302 verbose parsed url   path: '1.0.1',
302 verbose parsed url   href: '1.0.1' }
303 verbose addNamed [ 'passport-http-bearer', '1.0.1' ]
304 verbose addNamed [ '1.0.1', '1.0.1' ]
305 silly lockFile 131bdcb0-passport-http-bearer-1-0-1 passport-http-bearer@1.0.1
306 verbose lock passport-http-bearer@1.0.1 /Users/Nichole/.npm/131bdcb0-passport-http-bearer-1-0-1.lock
307 verbose cache add name="passport-oauth2-client-password" spec="0.1.1" args=["passport-oauth2-client-password","0.1.1"]
308 verbose parsed url { protocol: null,
308 verbose parsed url   slashes: null,
308 verbose parsed url   auth: null,
308 verbose parsed url   host: null,
308 verbose parsed url   port: null,
308 verbose parsed url   hostname: null,
308 verbose parsed url   hash: null,
308 verbose parsed url   search: null,
308 verbose parsed url   query: null,
308 verbose parsed url   pathname: '0.1.1',
308 verbose parsed url   path: '0.1.1',
308 verbose parsed url   href: '0.1.1' }
309 verbose addNamed [ 'passport-oauth2-client-password', '0.1.1' ]
310 verbose addNamed [ '0.1.1', '0.1.1' ]
311 silly lockFile 63c8108a-ort-oauth2-client-password-0-1-1 passport-oauth2-client-password@0.1.1
312 verbose lock passport-oauth2-client-password@0.1.1 /Users/Nichole/.npm/63c8108a-ort-oauth2-client-password-0-1-1.lock
313 verbose cache add name="rss" spec="0.2.1" args=["rss","0.2.1"]
314 verbose parsed url { protocol: null,
314 verbose parsed url   slashes: null,
314 verbose parsed url   auth: null,
314 verbose parsed url   host: null,
314 verbose parsed url   port: null,
314 verbose parsed url   hostname: null,
314 verbose parsed url   hash: null,
314 verbose parsed url   search: null,
314 verbose parsed url   query: null,
314 verbose parsed url   pathname: '0.2.1',
314 verbose parsed url   path: '0.2.1',
314 verbose parsed url   href: '0.2.1' }
315 verbose addNamed [ 'rss', '0.2.1' ]
316 verbose addNamed [ '0.2.1', '0.2.1' ]
317 silly lockFile 9f4024db-rss-0-2-1 rss@0.2.1
318 verbose lock rss@0.2.1 /Users/Nichole/.npm/9f4024db-rss-0-2-1.lock
319 verbose cache add name="semver" spec="2.2.1" args=["semver","2.2.1"]
320 verbose parsed url { protocol: null,
320 verbose parsed url   slashes: null,
320 verbose parsed url   auth: null,
320 verbose parsed url   host: null,
320 verbose parsed url   port: null,
320 verbose parsed url   hostname: null,
320 verbose parsed url   hash: null,
320 verbose parsed url   search: null,
320 verbose parsed url   query: null,
320 verbose parsed url   pathname: '2.2.1',
320 verbose parsed url   path: '2.2.1',
320 verbose parsed url   href: '2.2.1' }
321 verbose addNamed [ 'semver', '2.2.1' ]
322 verbose addNamed [ '2.2.1', '2.2.1' ]
323 silly lockFile 609d7676-semver-2-2-1 semver@2.2.1
324 verbose lock semver@2.2.1 /Users/Nichole/.npm/609d7676-semver-2-2-1.lock
325 verbose cache add name="showdown" spec="https://github.com/ErisDS/showdown/archive/v0.3.2-ghost.tar.gz" args=["showdown","https://github.com/ErisDS/showdown/archive/v0.3.2-ghost.tar.gz"]
326 verbose parsed url { protocol: 'https:',
326 verbose parsed url   slashes: true,
326 verbose parsed url   auth: null,
326 verbose parsed url   host: 'github.com',
326 verbose parsed url   port: null,
326 verbose parsed url   hostname: 'github.com',
326 verbose parsed url   hash: null,
326 verbose parsed url   search: null,
326 verbose parsed url   query: null,
326 verbose parsed url   pathname: '/ErisDS/showdown/archive/v0.3.2-ghost.tar.gz',
326 verbose parsed url   path: '/ErisDS/showdown/archive/v0.3.2-ghost.tar.gz',
326 verbose parsed url   href: 'https://github.com/ErisDS/showdown/archive/v0.3.2-ghost.tar.gz' }
327 silly lockFile 79fc3a00-down-archive-v0-3-2-ghost-tar-gz https://github.com/ErisDS/showdown/archive/v0.3.2-ghost.tar.gz
328 verbose lock https://github.com/ErisDS/showdown/archive/v0.3.2-ghost.tar.gz /Users/Nichole/.npm/79fc3a00-down-archive-v0-3-2-ghost-tar-gz.lock
329 verbose cache add name="sqlite3" spec="2.2.3" args=["sqlite3","2.2.3"]
330 verbose parsed url { protocol: null,
330 verbose parsed url   slashes: null,
330 verbose parsed url   auth: null,
330 verbose parsed url   host: null,
330 verbose parsed url   port: null,
330 verbose parsed url   hostname: null,
330 verbose parsed url   hash: null,
330 verbose parsed url   search: null,
330 verbose parsed url   query: null,
330 verbose parsed url   pathname: '2.2.3',
330 verbose parsed url   path: '2.2.3',
330 verbose parsed url   href: '2.2.3' }
331 verbose addNamed [ 'sqlite3', '2.2.3' ]
332 verbose addNamed [ '2.2.3', '2.2.3' ]
333 silly lockFile 47a18a5d-sqlite3-2-2-3 sqlite3@2.2.3
334 verbose lock sqlite3@2.2.3 /Users/Nichole/.npm/47a18a5d-sqlite3-2-2-3.lock
335 verbose cache add name="static-favicon" spec="1.0.2" args=["static-favicon","1.0.2"]
336 verbose parsed url { protocol: null,
336 verbose parsed url   slashes: null,
336 verbose parsed url   auth: null,
336 verbose parsed url   host: null,
336 verbose parsed url   port: null,
336 verbose parsed url   hostname: null,
336 verbose parsed url   hash: null,
336 verbose parsed url   search: null,
336 verbose parsed url   query: null,
336 verbose parsed url   pathname: '1.0.2',
336 verbose parsed url   path: '1.0.2',
336 verbose parsed url   href: '1.0.2' }
337 verbose addNamed [ 'static-favicon', '1.0.2' ]
338 verbose addNamed [ '1.0.2', '1.0.2' ]
339 silly lockFile d92031be-static-favicon-1-0-2 static-favicon@1.0.2
340 verbose lock static-favicon@1.0.2 /Users/Nichole/.npm/d92031be-static-favicon-1-0-2.lock
341 verbose cache add name="unidecode" spec="0.1.3" args=["unidecode","0.1.3"]
342 verbose parsed url { protocol: null,
342 verbose parsed url   slashes: null,
342 verbose parsed url   auth: null,
342 verbose parsed url   host: null,
342 verbose parsed url   port: null,
342 verbose parsed url   hostname: null,
342 verbose parsed url   hash: null,
342 verbose parsed url   search: null,
342 verbose parsed url   query: null,
342 verbose parsed url   pathname: '0.1.3',
342 verbose parsed url   path: '0.1.3',
342 verbose parsed url   href: '0.1.3' }
343 verbose addNamed [ 'unidecode', '0.1.3' ]
344 verbose addNamed [ '0.1.3', '0.1.3' ]
345 silly lockFile a134e945-unidecode-0-1-3 unidecode@0.1.3
346 verbose lock unidecode@0.1.3 /Users/Nichole/.npm/a134e945-unidecode-0-1-3.lock
347 verbose cache add name="validator" spec="3.4.0" args=["validator","3.4.0"]
348 verbose parsed url { protocol: null,
348 verbose parsed url   slashes: null,
348 verbose parsed url   auth: null,
348 verbose parsed url   host: null,
348 verbose parsed url   port: null,
348 verbose parsed url   hostname: null,
348 verbose parsed url   hash: null,
348 verbose parsed url   search: null,
348 verbose parsed url   query: null,
348 verbose parsed url   pathname: '3.4.0',
348 verbose parsed url   path: '3.4.0',
348 verbose parsed url   href: '3.4.0' }
349 verbose addNamed [ 'validator', '3.4.0' ]
350 verbose addNamed [ '3.4.0', '3.4.0' ]
351 silly lockFile 92d202b3-validator-3-4-0 validator@3.4.0
352 verbose lock validator@3.4.0 /Users/Nichole/.npm/92d202b3-validator-3-4-0.lock
353 verbose cache add name="when" spec="3.2.3" args=["when","3.2.3"]
354 verbose parsed url { protocol: null,
354 verbose parsed url   slashes: null,
354 verbose parsed url   auth: null,
354 verbose parsed url   host: null,
354 verbose parsed url   port: null,
354 verbose parsed url   hostname: null,
354 verbose parsed url   hash: null,
354 verbose parsed url   search: null,
354 verbose parsed url   query: null,
354 verbose parsed url   pathname: '3.2.3',
354 verbose parsed url   path: '3.2.3',
354 verbose parsed url   href: '3.2.3' }
355 verbose addNamed [ 'when', '3.2.3' ]
356 verbose addNamed [ '3.2.3', '3.2.3' ]
357 silly lockFile 8d990f3c-when-3-2-3 when@3.2.3
358 verbose lock when@3.2.3 /Users/Nichole/.npm/8d990f3c-when-3-2-3.lock
359 verbose cache add name="xml" spec="0.0.12" args=["xml","0.0.12"]
360 verbose parsed url { protocol: null,
360 verbose parsed url   slashes: null,
360 verbose parsed url   auth: null,
360 verbose parsed url   host: null,
360 verbose parsed url   port: null,
360 verbose parsed url   hostname: null,
360 verbose parsed url   hash: null,
360 verbose parsed url   search: null,
360 verbose parsed url   query: null,
360 verbose parsed url   pathname: '0.0.12',
360 verbose parsed url   path: '0.0.12',
360 verbose parsed url   href: '0.0.12' }
361 verbose addNamed [ 'xml', '0.0.12' ]
362 verbose addNamed [ '0.0.12', '0.0.12' ]
363 silly lockFile 9ce99a16-xml-0-0-12 xml@0.0.12
364 verbose lock xml@0.0.12 /Users/Nichole/.npm/9ce99a16-xml-0-0-12.lock
365 verbose cache add name="mysql" spec="2.1.1" args=["mysql","2.1.1"]
366 verbose parsed url { protocol: null,
366 verbose parsed url   slashes: null,
366 verbose parsed url   auth: null,
366 verbose parsed url   host: null,
366 verbose parsed url   port: null,
366 verbose parsed url   hostname: null,
366 verbose parsed url   hash: null,
366 verbose parsed url   search: null,
366 verbose parsed url   query: null,
366 verbose parsed url   pathname: '2.1.1',
366 verbose parsed url   path: '2.1.1',
366 verbose parsed url   href: '2.1.1' }
367 verbose addNamed [ 'mysql', '2.1.1' ]
368 verbose addNamed [ '2.1.1', '2.1.1' ]
369 silly lockFile df0a7fd5-mysql-2-1-1 mysql@2.1.1
370 verbose lock mysql@2.1.1 /Users/Nichole/.npm/df0a7fd5-mysql-2-1-1.lock
371 verbose request where is /colors
372 verbose request registry http://registry.npmjs.eu/
373 verbose url raw /colors
374 verbose url resolving [ 'http://registry.npmjs.eu/', './colors' ]
375 verbose url resolved http://registry.npmjs.eu/colors
376 verbose request where is http://registry.npmjs.eu/colors
377 info trying registry request attempt 1 at 20:30:27
378 verbose etag "53e2daa1-33fd"
379 http GET http://registry.npmjs.eu/colors
380 verbose request where is /compression
381 verbose request registry http://registry.npmjs.eu/
382 verbose url raw /compression
383 verbose url resolving [ 'http://registry.npmjs.eu/', './compression' ]
384 verbose url resolved http://registry.npmjs.eu/compression
385 verbose request where is http://registry.npmjs.eu/compression
386 info trying registry request attempt 1 at 20:30:27
387 verbose etag "53e1c43c-938c"
388 http GET http://registry.npmjs.eu/compression
389 verbose request where is /connect
390 verbose request registry http://registry.npmjs.eu/
391 verbose url raw /connect
392 verbose url resolving [ 'http://registry.npmjs.eu/', './connect' ]
393 verbose url resolved http://registry.npmjs.eu/connect
394 verbose request where is http://registry.npmjs.eu/connect
395 info trying registry request attempt 1 at 20:30:27
396 verbose etag "53e45196-6c791"
397 http GET http://registry.npmjs.eu/connect
398 verbose request where is /connect-slashes
399 verbose request registry http://registry.npmjs.eu/
400 verbose url raw /connect-slashes
401 verbose url resolving [ 'http://registry.npmjs.eu/', './connect-slashes' ]
402 verbose url resolved http://registry.npmjs.eu/connect-slashes
403 verbose request where is http://registry.npmjs.eu/connect-slashes
404 info trying registry request attempt 1 at 20:30:27
405 verbose etag "53d9da8e-420a"
406 http GET http://registry.npmjs.eu/connect-slashes
407 verbose request where is /cookie-parser
408 verbose request registry http://registry.npmjs.eu/
409 verbose url raw /cookie-parser
410 verbose url resolving [ 'http://registry.npmjs.eu/', './cookie-parser' ]
411 verbose url resolved http://registry.npmjs.eu/cookie-parser
412 verbose request where is http://registry.npmjs.eu/cookie-parser
413 info trying registry request attempt 1 at 20:30:27
414 verbose etag "53d9ce00-4896"
415 http GET http://registry.npmjs.eu/cookie-parser
416 verbose request where is /downsize
417 verbose request registry http://registry.npmjs.eu/
418 verbose url raw /downsize
419 verbose url resolving [ 'http://registry.npmjs.eu/', './downsize' ]
420 verbose url resolved http://registry.npmjs.eu/downsize
421 verbose request where is http://registry.npmjs.eu/downsize
422 info trying registry request attempt 1 at 20:30:27
423 verbose etag "53d9da8d-33b0"
424 http GET http://registry.npmjs.eu/downsize
425 verbose addRemoteTarball [ 'https://github.com/ErisDS/showdown/archive/v0.3.2-ghost.tar.gz',
425 verbose addRemoteTarball   null ]
426 verbose request where is /express
427 verbose request registry http://registry.npmjs.eu/
428 verbose url raw /express
429 verbose url resolving [ 'http://registry.npmjs.eu/', './express' ]
430 verbose url resolved http://registry.npmjs.eu/express
431 verbose request where is http://registry.npmjs.eu/express
432 info trying registry request attempt 1 at 20:30:27
433 verbose etag "53e45706-91cbd"
434 http GET http://registry.npmjs.eu/express
435 verbose request where is /express-hbs
436 verbose request registry http://registry.npmjs.eu/
437 verbose url raw /express-hbs
438 verbose url resolving [ 'http://registry.npmjs.eu/', './express-hbs' ]
439 verbose url resolved http://registry.npmjs.eu/express-hbs
440 verbose request where is http://registry.npmjs.eu/express-hbs
441 info trying registry request attempt 1 at 20:30:27
442 verbose etag "53d9f546-dcc0"
443 http GET http://registry.npmjs.eu/express-hbs
444 verbose request where is /express-session
445 verbose request registry http://registry.npmjs.eu/
446 verbose url raw /express-session
447 verbose url resolving [ 'http://registry.npmjs.eu/', './express-session' ]
448 verbose url resolved http://registry.npmjs.eu/express-session
449 verbose request where is http://registry.npmjs.eu/express-session
450 info trying registry request attempt 1 at 20:30:27
451 verbose etag "53e1b428-12aa3"
452 http GET http://registry.npmjs.eu/express-session
453 verbose request where is /html-to-text
454 verbose request registry http://registry.npmjs.eu/
455 verbose url raw /html-to-text
456 verbose url resolving [ 'http://registry.npmjs.eu/', './html-to-text' ]
457 verbose url resolved http://registry.npmjs.eu/html-to-text
458 verbose request where is http://registry.npmjs.eu/html-to-text
459 info trying registry request attempt 1 at 20:30:27
460 verbose etag "53bcaa36-643a"
461 http GET http://registry.npmjs.eu/html-to-text
462 verbose request where is /fs-extra
463 verbose request registry http://registry.npmjs.eu/
464 verbose url raw /fs-extra
465 verbose url resolving [ 'http://registry.npmjs.eu/', './fs-extra' ]
466 verbose url resolved http://registry.npmjs.eu/fs-extra
467 verbose request where is http://registry.npmjs.eu/fs-extra
468 info trying registry request attempt 1 at 20:30:27
469 verbose etag "53d9da8d-1224e"
470 http GET http://registry.npmjs.eu/fs-extra
471 verbose request where is /lodash
472 verbose request registry http://registry.npmjs.eu/
473 verbose url raw /lodash
474 verbose url resolving [ 'http://registry.npmjs.eu/', './lodash' ]
475 verbose url resolved http://registry.npmjs.eu/lodash
476 verbose request where is http://registry.npmjs.eu/lodash
477 info trying registry request attempt 1 at 20:30:27
478 verbose etag "53e11886-1fae3"
479 http GET http://registry.npmjs.eu/lodash
480 verbose request where is /moment
481 verbose request registry http://registry.npmjs.eu/
482 verbose url raw /moment
483 verbose url resolving [ 'http://registry.npmjs.eu/', './moment' ]
484 verbose url resolved http://registry.npmjs.eu/moment
485 verbose request where is http://registry.npmjs.eu/moment
486 info trying registry request attempt 1 at 20:30:27
487 verbose etag "53e50a0f-135d5"
488 http GET http://registry.npmjs.eu/moment
489 verbose request where is /knex
490 verbose request registry http://registry.npmjs.eu/
491 verbose url raw /knex
492 verbose url resolving [ 'http://registry.npmjs.eu/', './knex' ]
493 verbose url resolved http://registry.npmjs.eu/knex
494 verbose request where is http://registry.npmjs.eu/knex
495 info trying registry request attempt 1 at 20:30:27
496 verbose etag "53d9e490-33834"
497 http GET http://registry.npmjs.eu/knex
498 verbose request where is /morgan
499 verbose request registry http://registry.npmjs.eu/
500 verbose url raw /morgan
501 verbose url resolving [ 'http://registry.npmjs.eu/', './morgan' ]
502 verbose url resolved http://registry.npmjs.eu/morgan
503 verbose request where is http://registry.npmjs.eu/morgan
504 info trying registry request attempt 1 at 20:30:27
505 verbose etag "53db5851-62d3"
506 http GET http://registry.npmjs.eu/morgan
507 verbose request where is /node-polyglot
508 verbose request registry http://registry.npmjs.eu/
509 verbose url raw /node-polyglot
510 verbose url resolving [ 'http://registry.npmjs.eu/', './node-polyglot' ]
511 verbose url resolved http://registry.npmjs.eu/node-polyglot
512 verbose request where is http://registry.npmjs.eu/node-polyglot
513 info trying registry request attempt 1 at 20:30:27
514 verbose etag "53d9da8f-683a"
515 http GET http://registry.npmjs.eu/node-polyglot
516 verbose request where is /node-uuid
517 verbose request registry http://registry.npmjs.eu/
518 verbose url raw /node-uuid
519 verbose url resolving [ 'http://registry.npmjs.eu/', './node-uuid' ]
520 verbose url resolved http://registry.npmjs.eu/node-uuid
521 verbose request where is http://registry.npmjs.eu/node-uuid
522 info trying registry request attempt 1 at 20:30:27
523 verbose etag "53db67c6-8a05"
524 http GET http://registry.npmjs.eu/node-uuid
525 verbose request where is /nodemailer
526 verbose request registry http://registry.npmjs.eu/
527 verbose url raw /nodemailer
528 verbose url resolving [ 'http://registry.npmjs.eu/', './nodemailer' ]
529 verbose url resolved http://registry.npmjs.eu/nodemailer
530 verbose request where is http://registry.npmjs.eu/nodemailer
531 info trying registry request attempt 1 at 20:30:27
532 verbose etag "53df3bd3-3ef38"
533 http GET http://registry.npmjs.eu/nodemailer
534 verbose request where is /oauth2orize
535 verbose request registry http://registry.npmjs.eu/
536 verbose url raw /oauth2orize
537 verbose url resolving [ 'http://registry.npmjs.eu/', './oauth2orize' ]
538 verbose url resolved http://registry.npmjs.eu/oauth2orize
539 verbose request where is http://registry.npmjs.eu/oauth2orize
540 info trying registry request attempt 1 at 20:30:27
541 verbose etag "53bc02a3-5835"
542 http GET http://registry.npmjs.eu/oauth2orize
543 verbose request where is /passport
544 verbose request registry http://registry.npmjs.eu/
545 verbose url raw /passport
546 verbose url resolving [ 'http://registry.npmjs.eu/', './passport' ]
547 verbose url resolved http://registry.npmjs.eu/passport
548 verbose request where is http://registry.npmjs.eu/passport
549 info trying registry request attempt 1 at 20:30:27
550 verbose etag "53e0e3ce-c5d4"
551 http GET http://registry.npmjs.eu/passport
552 verbose request where is /passport-http-bearer
553 verbose request registry http://registry.npmjs.eu/
554 verbose url raw /passport-http-bearer
555 verbose url resolving [ 'http://registry.npmjs.eu/', './passport-http-bearer' ]
556 verbose url resolved http://registry.npmjs.eu/passport-http-bearer
557 verbose request where is http://registry.npmjs.eu/passport-http-bearer
558 info trying registry request attempt 1 at 20:30:27
559 verbose etag "53de7601-6724"
560 http GET http://registry.npmjs.eu/passport-http-bearer
561 verbose request where is /passport-oauth2-client-password
562 verbose request registry http://registry.npmjs.eu/
563 verbose url raw /passport-oauth2-client-password
564 verbose url resolving [ 'http://registry.npmjs.eu/',
564 verbose url resolving   './passport-oauth2-client-password' ]
565 verbose url resolved http://registry.npmjs.eu/passport-oauth2-client-password
566 verbose request where is http://registry.npmjs.eu/passport-oauth2-client-password
567 info trying registry request attempt 1 at 20:30:27
568 verbose etag "53bb882c-20e0"
569 http GET http://registry.npmjs.eu/passport-oauth2-client-password
570 verbose request where is /rss
571 verbose request registry http://registry.npmjs.eu/
572 verbose url raw /rss
573 verbose url resolving [ 'http://registry.npmjs.eu/', './rss' ]
574 verbose url resolved http://registry.npmjs.eu/rss
575 verbose request where is http://registry.npmjs.eu/rss
576 info trying registry request attempt 1 at 20:30:27
577 verbose etag "53bc8bc7-786d"
578 http GET http://registry.npmjs.eu/rss
579 verbose request where is /semver
580 verbose request registry http://registry.npmjs.eu/
581 verbose url raw /semver
582 verbose url resolving [ 'http://registry.npmjs.eu/', './semver' ]
583 verbose url resolved http://registry.npmjs.eu/semver
584 verbose request where is http://registry.npmjs.eu/semver
585 info trying registry request attempt 1 at 20:30:27
586 verbose etag "53d9e30e-10817"
587 http GET http://registry.npmjs.eu/semver
588 verbose request where is /sqlite3
589 verbose request registry http://registry.npmjs.eu/
590 verbose url raw /sqlite3
591 verbose url resolving [ 'http://registry.npmjs.eu/', './sqlite3' ]
592 verbose url resolved http://registry.npmjs.eu/sqlite3
593 verbose request where is http://registry.npmjs.eu/sqlite3
594 info trying registry request attempt 1 at 20:30:27
595 verbose etag "53e2a799-2b69d"
596 http GET http://registry.npmjs.eu/sqlite3
597 verbose request where is /unidecode
598 verbose request registry http://registry.npmjs.eu/
599 verbose url raw /unidecode
600 verbose url resolving [ 'http://registry.npmjs.eu/', './unidecode' ]
601 verbose url resolved http://registry.npmjs.eu/unidecode
602 verbose request where is http://registry.npmjs.eu/unidecode
603 info trying registry request attempt 1 at 20:30:27
604 verbose etag "53bbb51f-2a10"
605 http GET http://registry.npmjs.eu/unidecode
606 verbose request where is /static-favicon
607 verbose request registry http://registry.npmjs.eu/
608 verbose url raw /static-favicon
609 verbose url resolving [ 'http://registry.npmjs.eu/', './static-favicon' ]
610 verbose url resolved http://registry.npmjs.eu/static-favicon
611 verbose request where is http://registry.npmjs.eu/static-favicon
612 info trying registry request attempt 1 at 20:30:27
613 verbose etag "53be16a3-2244"
614 http GET http://registry.npmjs.eu/static-favicon
615 verbose request where is /validator
616 verbose request registry http://registry.npmjs.eu/
617 verbose url raw /validator
618 verbose url resolving [ 'http://registry.npmjs.eu/', './validator' ]
619 verbose url resolved http://registry.npmjs.eu/validator
620 verbose request where is http://registry.npmjs.eu/validator
621 info trying registry request attempt 1 at 20:30:27
622 verbose etag "53e1cd6d-38e08"
623 http GET http://registry.npmjs.eu/validator
624 verbose request where is /xml
625 verbose request registry http://registry.npmjs.eu/
626 verbose url raw /xml
627 verbose url resolving [ 'http://registry.npmjs.eu/', './xml' ]
628 verbose url resolved http://registry.npmjs.eu/xml
629 verbose request where is http://registry.npmjs.eu/xml
630 info trying registry request attempt 1 at 20:30:27
631 verbose etag "53bc5bf1-6c10"
632 http GET http://registry.npmjs.eu/xml
633 verbose request where is /when
634 verbose request registry http://registry.npmjs.eu/
635 verbose url raw /when
636 verbose url resolving [ 'http://registry.npmjs.eu/', './when' ]
637 verbose url resolved http://registry.npmjs.eu/when
638 verbose request where is http://registry.npmjs.eu/when
639 info trying registry request attempt 1 at 20:30:27
640 verbose etag "53e1009d-1e5d2"
641 http GET http://registry.npmjs.eu/when
642 verbose request where is /mysql
643 verbose request registry http://registry.npmjs.eu/
644 verbose url raw /mysql
645 verbose url resolving [ 'http://registry.npmjs.eu/', './mysql' ]
646 verbose url resolved http://registry.npmjs.eu/mysql
647 verbose request where is http://registry.npmjs.eu/mysql
648 info trying registry request attempt 1 at 20:30:27
649 verbose etag "53e25917-1cca5"
650 http GET http://registry.npmjs.eu/mysql
651 http 304 http://registry.npmjs.eu/bcryptjs
652 silly registry.get cb [ 304,
652 silly registry.get   { server: 'nginx/1.5.0',
652 silly registry.get     date: 'Fri, 12 Sep 2014 19:30:26 GMT',
652 silly registry.get     connection: 'keep-alive',
652 silly registry.get     'last-modified': 'Thu, 31 Jul 2014 06:21:31 GMT',
652 silly registry.get     etag: '"53d9e06b-f3c8"',
652 silly registry.get     expires: 'Thu, 31 Jul 2014 06:36:31 GMT',
652 silly registry.get     'cache-control': 'no-cache' } ]
653 verbose etag http://registry.npmjs.eu/bcryptjs from cache
654 http 304 http://registry.npmjs.eu/body-parser
655 silly registry.get cb [ 304,
655 silly registry.get   { server: 'nginx/1.5.0',
655 silly registry.get     date: 'Fri, 12 Sep 2014 19:30:26 GMT',
655 silly registry.get     connection: 'keep-alive',
655 silly registry.get     'last-modified': 'Thu, 07 Aug 2014 16:33:29 GMT',
655 silly registry.get     etag: '"53e3aa59-1148a"',
655 silly registry.get     expires: 'Thu, 07 Aug 2014 16:48:29 GMT',
655 silly registry.get     'cache-control': 'no-cache' } ]
656 verbose etag http://registry.npmjs.eu/body-parser from cache
657 http 304 http://registry.npmjs.eu/colors
658 silly registry.get cb [ 304,
658 silly registry.get   { server: 'nginx/1.5.0',
658 silly registry.get     date: 'Fri, 12 Sep 2014 19:30:26 GMT',
658 silly registry.get     connection: 'keep-alive',
658 silly registry.get     'last-modified': 'Thu, 07 Aug 2014 01:47:13 GMT',
658 silly registry.get     etag: '"53e2daa1-33fd"',
658 silly registry.get     expires: 'Thu, 07 Aug 2014 02:02:13 GMT',
658 silly registry.get     'cache-control': 'no-cache' } ]
659 verbose etag http://registry.npmjs.eu/colors from cache
660 http 304 http://registry.npmjs.eu/busboy
661 silly registry.get cb [ 304,
661 silly registry.get   { server: 'nginx/1.5.0',
661 silly registry.get     date: 'Fri, 12 Sep 2014 19:30:26 GMT',
661 silly registry.get     connection: 'keep-alive',
661 silly registry.get     'last-modified': 'Thu, 31 Jul 2014 06:08:06 GMT',
661 silly registry.get     etag: '"53d9dd46-f00f"',
661 silly registry.get     expires: 'Thu, 31 Jul 2014 06:23:06 GMT',
661 silly registry.get     'cache-control': 'no-cache' } ]
662 verbose etag http://registry.npmjs.eu/busboy from cache
663 http 304 http://registry.npmjs.eu/bookshelf
664 silly registry.get cb [ 304,
664 silly registry.get   { server: 'nginx/1.5.0',
664 silly registry.get     date: 'Fri, 12 Sep 2014 19:30:26 GMT',
664 silly registry.get     connection: 'keep-alive',
664 silly registry.get     'last-modified': 'Thu, 31 Jul 2014 06:22:26 GMT',
664 silly registry.get     etag: '"53d9e0a2-224e9"',
664 silly registry.get     expires: 'Thu, 31 Jul 2014 06:37:26 GMT',
664 silly registry.get     'cache-control': 'no-cache' } ]
665 verbose etag http://registry.npmjs.eu/bookshelf from cache
666 info retry fetch attempt 1 at 20:30:27
667 verbose fetch to= /var/folders/94/9rglvmld6735mp2gvnw0dzz40000gn/T/npm-2687-vYRiipXj/github.com/ErisDS/showdown/archive/v0.3.2-ghost.tar.gz
668 http GET https://github.com/ErisDS/showdown/archive/v0.3.2-ghost.tar.gz
669 silly addNameRange number 2 { name: 'body-parser',
669 silly addNameRange   range: '>=1.6.2-0 <1.7.0-0',
669 silly addNameRange   hasData: true }
670 silly addNameRange versions [ 'body-parser',
670 silly addNameRange   [ '1.0.0',
670 silly addNameRange     '1.0.1',
670 silly addNameRange     '1.0.2',
670 silly addNameRange     '1.1.0',
670 silly addNameRange     '1.1.1',
670 silly addNameRange     '1.1.2',
670 silly addNameRange     '1.2.0',
670 silly addNameRange     '1.2.1',
670 silly addNameRange     '1.2.2',
670 silly addNameRange     '1.3.0',
670 silly addNameRange     '1.3.1',
670 silly addNameRange     '1.4.0',
670 silly addNameRange     '1.4.1',
670 silly addNameRange     '1.4.2',
670 silly addNameRange     '1.4.3',
670 silly addNameRange     '1.5.0',
670 silly addNameRange     '1.5.1',
670 silly addNameRange     '1.5.2',
670 silly addNameRange     '1.6.0',
670 silly addNameRange     '1.6.1',
670 silly addNameRange     '1.6.2' ] ]
671 verbose addNamed [ 'body-parser', '1.6.2' ]
672 verbose addNamed [ '1.6.2', '1.6.2' ]
673 silly lockFile dd075f46-body-parser-1-6-2 body-parser@1.6.2
674 verbose lock body-parser@1.6.2 /Users/Nichole/.npm/dd075f46-body-parser-1-6-2.lock
675 http 304 http://registry.npmjs.eu/compression
676 silly registry.get cb [ 304,
676 silly registry.get   { server: 'nginx/1.5.0',
676 silly registry.get     date: 'Fri, 12 Sep 2014 19:30:27 GMT',
676 silly registry.get     connection: 'keep-alive',
676 silly registry.get     'last-modified': 'Wed, 06 Aug 2014 05:59:24 GMT',
676 silly registry.get     etag: '"53e1c43c-938c"',
676 silly registry.get     expires: 'Wed, 06 Aug 2014 06:14:24 GMT',
676 silly registry.get     'cache-control': 'no-cache' } ]
677 verbose etag http://registry.npmjs.eu/compression from cache
678 http 304 http://registry.npmjs.eu/connect-slashes
679 silly registry.get cb [ 304,
679 silly registry.get   { server: 'nginx/1.5.0',
679 silly registry.get     date: 'Fri, 12 Sep 2014 19:30:27 GMT',
679 silly registry.get     connection: 'keep-alive',
679 silly registry.get     'last-modified': 'Thu, 31 Jul 2014 05:56:30 GMT',
679 silly registry.get     etag: '"53d9da8e-420a"',
679 silly registry.get     expires: 'Thu, 31 Jul 2014 06:11:30 GMT',
679 silly registry.get     'cache-control': 'no-cache' } ]
680 verbose etag http://registry.npmjs.eu/connect-slashes from cache
681 http 304 http://registry.npmjs.eu/connect
682 silly registry.get cb [ 304,
682 silly registry.get   { server: 'nginx/1.5.0',
682 silly registry.get     date: 'Fri, 12 Sep 2014 19:30:27 GMT',
682 silly registry.get     connection: 'keep-alive',
682 silly registry.get     'last-modified': 'Fri, 08 Aug 2014 04:27:02 GMT',
682 silly registry.get     etag: '"53e45196-6c791"',
682 silly registry.get     expires: 'Fri, 08 Aug 2014 04:42:02 GMT',
682 silly registry.get     'cache-control': 'no-cache' } ]
683 verbose etag http://registry.npmjs.eu/connect from cache
684 http 304 http://registry.npmjs.eu/cookie-parser
685 silly registry.get cb [ 304,
685 silly registry.get   { server: 'nginx/1.5.0',
685 silly registry.get     date: 'Fri, 12 Sep 2014 19:30:27 GMT',
685 silly registry.get     connection: 'keep-alive',
685 silly registry.get     'last-modified': 'Thu, 31 Jul 2014 05:02:56 GMT',
685 silly registry.get     etag: '"53d9ce00-4896"',
685 silly registry.get     expires: 'Thu, 31 Jul 2014 05:17:56 GMT',
685 silly registry.get     'cache-control': 'no-cache' } ]
686 verbose etag http://registry.npmjs.eu/cookie-parser from cache
687 http 304 http://registry.npmjs.eu/downsize
688 silly registry.get cb [ 304,
688 silly registry.get   { server: 'nginx/1.5.0',
688 silly registry.get     date: 'Fri, 12 Sep 2014 19:30:27 GMT',
688 silly registry.get     connection: 'keep-alive',
688 silly registry.get     'last-modified': 'Thu, 31 Jul 2014 05:56:29 GMT',
688 silly registry.get     etag: '"53d9da8d-33b0"',
688 silly registry.get     expires: 'Thu, 31 Jul 2014 06:11:29 GMT',
688 silly registry.get     'cache-control': 'no-cache' } ]
689 verbose etag http://registry.npmjs.eu/downsize from cache
690 silly lockFile aeee2800-busboy-0-2-3 busboy@0.2.3
691 silly lockFile aeee2800-busboy-0-2-3 busboy@0.2.3
692 silly lockFile 6e521f43-bookshelf-0-7-6 bookshelf@0.7.6
693 silly lockFile 6e521f43-bookshelf-0-7-6 bookshelf@0.7.6
694 silly lockFile b8fc5be2-bcryptjs-0-7-10 bcryptjs@0.7.10
695 silly lockFile b8fc5be2-bcryptjs-0-7-10 bcryptjs@0.7.10
696 silly lockFile 1ce149d5-colors-0-6-2 colors@0.6.2
697 silly lockFile 1ce149d5-colors-0-6-2 colors@0.6.2
698 silly addNameRange number 2 { name: 'compression',
698 silly addNameRange   range: '>=1.0.2-0 <2.0.0-0',
698 silly addNameRange   hasData: true }
699 silly addNameRange versions [ 'compression',
699 silly addNameRange   [ '1.0.0',
699 silly addNameRange     '1.0.1',
699 silly addNameRange     '1.0.2',
699 silly addNameRange     '1.0.3',
699 silly addNameRange     '1.0.4',
699 silly addNameRange     '1.0.5',
699 silly addNameRange     '1.0.6',
699 silly addNameRange     '1.0.7',
699 silly addNameRange     '1.0.8',
699 silly addNameRange     '1.0.9',
699 silly addNameRange     '1.0.10' ] ]
700 verbose addNamed [ 'compression', '1.0.10' ]
701 verbose addNamed [ '1.0.10', '1.0.10' ]
702 silly lockFile 28f06483-compression-1-0-10 compression@1.0.10
703 verbose lock compression@1.0.10 /Users/Nichole/.npm/28f06483-compression-1-0-10.lock
704 silly lockFile dd075f46-body-parser-1-6-2 body-parser@1.6.2
705 silly lockFile dd075f46-body-parser-1-6-2 body-parser@1.6.2
706 silly lockFile 31027577-body-parser-1-6-2 body-parser@~1.6.2
707 silly lockFile 31027577-body-parser-1-6-2 body-parser@~1.6.2
708 silly lockFile af24efd4-connect-slashes-1-2-0 connect-slashes@1.2.0
709 silly lockFile af24efd4-connect-slashes-1-2-0 connect-slashes@1.2.0
710 silly lockFile 8d245ba8-cookie-parser-1-0-1 cookie-parser@1.0.1
711 silly lockFile 8d245ba8-cookie-parser-1-0-1 cookie-parser@1.0.1
712 silly lockFile 93678a07-connect-3-0-0-rc-1 connect@3.0.0-rc.1
713 silly lockFile 93678a07-connect-3-0-0-rc-1 connect@3.0.0-rc.1
714 silly lockFile 2f03cd26-downsize-0-0-5 downsize@0.0.5
715 silly lockFile 2f03cd26-downsize-0-0-5 downsize@0.0.5
716 silly lockFile 28f06483-compression-1-0-10 compression@1.0.10
717 silly lockFile 28f06483-compression-1-0-10 compression@1.0.10
718 silly lockFile 11257b3b-compression-1-0-2 compression@^1.0.2
719 silly lockFile 11257b3b-compression-1-0-2 compression@^1.0.2
720 http 304 http://registry.npmjs.eu/express
721 silly registry.get cb [ 304,
721 silly registry.get   { server: 'nginx/1.5.0',
721 silly registry.get     date: 'Fri, 12 Sep 2014 19:30:27 GMT',
721 silly registry.get     connection: 'keep-alive',
721 silly registry.get     'last-modified': 'Fri, 08 Aug 2014 04:50:14 GMT',
721 silly registry.get     etag: '"53e45706-91cbd"',
721 silly registry.get     expires: 'Fri, 08 Aug 2014 05:05:14 GMT',
721 silly registry.get     'cache-control': 'no-cache' } ]
722 verbose etag http://registry.npmjs.eu/express from cache
723 http 304 http://registry.npmjs.eu/express-hbs
724 silly registry.get cb [ 304,
724 silly registry.get   { server: 'nginx/1.5.0',
724 silly registry.get     date: 'Fri, 12 Sep 2014 19:30:27 GMT',
724 silly registry.get     connection: 'keep-alive',
724 silly registry.get     'last-modified': 'Thu, 31 Jul 2014 07:50:30 GMT',
724 silly registry.get     etag: '"53d9f546-dcc0"',
724 silly registry.get     expires: 'Thu, 31 Jul 2014 08:05:30 GMT',
724 silly registry.get     'cache-control': 'no-cache' } ]
725 verbose etag http://registry.npmjs.eu/express-hbs from cache
726 http 304 http://registry.npmjs.eu/html-to-text
727 silly registry.get cb [ 304,
727 silly registry.get   { server: 'nginx/1.5.0',
727 silly registry.get     date: 'Fri, 12 Sep 2014 19:30:27 GMT',
727 silly registry.get     connection: 'keep-alive',
727 silly registry.get     'last-modified': 'Wed, 09 Jul 2014 02:34:30 GMT',
727 silly registry.get     etag: '"53bcaa36-643a"',
727 silly registry.get     expires: 'Wed, 09 Jul 2014 02:49:30 GMT',
727 silly registry.get     'cache-control': 'no-cache' } ]
728 verbose etag http://registry.npmjs.eu/html-to-text from cache
729 http 304 http://registry.npmjs.eu/express-session
730 silly registry.get cb [ 304,
730 silly registry.get   { server: 'nginx/1.5.0',
730 silly registry.get     date: 'Fri, 12 Sep 2014 19:30:27 GMT',
730 silly registry.get     connection: 'keep-alive',
730 silly registry.get     'last-modified': 'Wed, 06 Aug 2014 04:50:48 GMT',
730 silly registry.get     etag: '"53e1b428-12aa3"',
730 silly registry.get     expires: 'Wed, 06 Aug 2014 05:05:48 GMT',
730 silly registry.get     'cache-control': 'no-cache' } ]
731 verbose etag http://registry.npmjs.eu/express-session from cache
732 http 304 http://registry.npmjs.eu/fs-extra
733 silly registry.get cb [ 304,
733 silly registry.get   { server: 'nginx/1.5.0',
733 silly registry.get     date: 'Fri, 12 Sep 2014 19:30:27 GMT',
733 silly registry.get     connection: 'keep-alive',
733 silly registry.get     'last-modified': 'Thu, 31 Jul 2014 05:56:29 GMT',
733 silly registry.get     etag: '"53d9da8d-1224e"',
733 silly registry.get     expires: 'Thu, 31 Jul 2014 06:11:29 GMT',
733 silly registry.get     'cache-control': 'no-cache' } ]
734 verbose etag http://registry.npmjs.eu/fs-extra from cache
735 silly addNameRange number 2 { name: 'express', range: '>=4.8.3-0 <4.9.0-0', hasData: true }
736 silly addNameRange versions [ 'express',
736 silly addNameRange   [ '0.14.0',
736 silly addNameRange     '0.14.1',
736 silly addNameRange     '1.0.0',
736 silly addNameRange     '1.0.1',
736 silly addNameRange     '1.0.2',
736 silly addNameRange     '1.0.3',
736 silly addNameRange     '1.0.4',
736 silly addNameRange     '1.0.5',
736 silly addNameRange     '1.0.6',
736 silly addNameRange     '1.0.7',
736 silly addNameRange     '1.0.8',
736 silly addNameRange     '2.0.0',
736 silly addNameRange     '2.1.0',
736 silly addNameRange     '2.1.1',
736 silly addNameRange     '2.2.0',
736 silly addNameRange     '2.2.1',
736 silly addNameRange     '2.2.2',
736 silly addNameRange     '2.3.0',
736 silly addNameRange     '2.3.1',
736 silly addNameRange     '2.3.2',
736 silly addNameRange     '2.3.3',
736 silly addNameRange     '2.3.4',
736 silly addNameRange     '2.3.5',
736 silly addNameRange     '2.3.6',
736 silly addNameRange     '2.3.7',
736 silly addNameRange     '2.3.8',
736 silly addNameRange     '2.3.9',
736 silly addNameRange     '2.3.10',
736 silly addNameRange     '2.3.11',
736 silly addNameRange     '2.3.12',
736 silly addNameRange     '2.4.0',
736 silly addNameRange     '2.4.1',
736 silly addNameRange     '2.4.2',
736 silly addNameRange     '2.4.3',
736 silly addNameRange     '2.4.4',
736 silly addNameRange     '2.4.5',
736 silly addNameRange     '2.4.6',
736 silly addNameRange     '2.4.7',
736 silly addNameRange     '2.5.0',
736 silly addNameRange     '2.5.1',
736 silly addNameRange     '2.5.2',
736 silly addNameRange     '2.5.3',
736 silly addNameRange     '2.5.4',
736 silly addNameRange     '2.5.5',
736 silly addNameRange     '2.5.6',
736 silly addNameRange     '2.5.7',
736 silly addNameRange     '2.5.8',
736 silly addNameRange     '2.5.9',
736 silly addNameRange     '2.5.10',
736 silly addNameRange     '2.5.11',
736 silly addNameRange     '3.0.0',
736 silly addNameRange     '3.0.1',
736 silly addNameRange     '3.0.2',
736 silly addNameRange     '3.0.3',
736 silly addNameRange     '3.0.4',
736 silly addNameRange     '3.0.5',
736 silly addNameRange     '3.0.6',
736 silly addNameRange     '3.1.0',
736 silly addNameRange     '3.1.1',
736 silly addNameRange     '3.1.2',
736 silly addNameRange     '3.2.0',
736 silly addNameRange     '3.2.1',
736 silly addNameRange     '3.2.2',
736 silly addNameRange     '3.2.3',
736 silly addNameRange     '3.2.4',
736 silly addNameRange     '3.2.5',
736 silly addNameRange     '3.2.6',
736 silly addNameRange     '3.3.0',
736 silly addNameRange     '3.3.1',
736 silly addNameRange     '3.3.2',
736 silly addNameRange     '3.3.3',
736 silly addNameRange     '3.3.4',
736 silly addNameRange     '3.3.5',
736 silly addNameRange     '3.3.6',
736 silly addNameRange     '1.0.0-beta',
736 silly addNameRange     '1.0.0-beta2',
736 silly addNameRange     '1.0.0-rc',
736 silly addNameRange     '1.0.0-rc2',
736 silly addNameRange     '1.0.0-rc3',
736 silly addNameRange     '1.0.0-rc4',
736 silly addNameRange     '2.0.0-beta',
736 silly addNameRange     '2.0.0-beta2',
736 silly addNameRange     '2.0.0-beta3',
736 silly addNameRange     '2.0.0-rc',
736 silly addNameRange     '2.0.0-rc2',
736 silly addNameRange     '2.0.0-rc3',
736 silly addNameRange     '3.0.0-alpha1',
736 silly addNameRange     '3.0.0-alpha2',
736 silly addNameRange     '3.0.0-alpha3',
736 silly addNameRange     '3.0.0-alpha4',
736 silly addNameRange     '3.0.0-alpha5',
736 silly addNameRange     '3.0.0-beta1',
736 silly addNameRange     '3.0.0-beta2',
736 silly addNameRange     '3.0.0-beta3',
736 silly addNameRange     '3.0.0-beta4',
736 silly addNameRange     '3.0.0-beta6',
736 silly addNameRange     '3.0.0-beta7',
736 silly addNameRange     '3.0.0-rc1',
736 silly addNameRange     '3.0.0-rc2',
736 silly addNameRange     '3.0.0-rc3',
736 silly addNameRange     '3.0.0-rc4',
736 silly addNameRange     '3.0.0-rc5',
736 silly addNameRange     '3.3.7',
736 silly addNameRange     '3.3.8',
736 silly addNameRange     '3.4.0',
736 silly addNameRange     '3.4.1',
736 silly addNameRange     '3.4.2',
736 silly addNameRange     '3.4.3',
736 silly addNameRange     '3.4.4',
736 silly addNameRange     '3.4.5',
736 silly addNameRange     '3.4.6',
736 silly addNameRange     '3.4.7',
736 silly addNameRange     '3.4.8',
736 silly addNameRange     '4.0.0-rc1',
736 silly addNameRange     '4.0.0-rc2',
736 silly addNameRange     '3.5.0',
736 silly addNameRange     '4.0.0-rc3',
736 silly addNameRange     '4.0.0-rc4',
736 silly addNameRange     '3.5.1',
736 silly addNameRange     '4.0.0',
736 silly addNameRange     '3.5.2',
736 silly addNameRange     '4.1.0',
736 silly addNameRange     '4.1.1',
736 silly addNameRange     '3.5.3',
736 silly addNameRange     '4.1.2',
736 silly addNameRange     '3.6.0',
736 silly addNameRange     '4.2.0',
736 silly addNameRange     '3.7.0',
736 silly addNameRange     '3.8.0',
736 silly addNameRange     '4.3.0',
736 silly addNameRange     '4.3.1',
736 silly addNameRange     '3.8.1',
736 silly addNameRange     '4.3.2',
736 silly addNameRange     '3.9.0',
736 silly addNameRange     '4.4.0',
736 silly addNameRange     '4.4.1',
736 silly addNameRange     '3.10.0',
736 silly addNameRange     '3.10.1',
736 silly addNameRange     '3.10.2',
736 silly addNameRange     '3.10.3',
736 silly addNameRange     '3.10.4',
736 silly addNameRange     '4.4.2',
736 silly addNameRange     '3.10.5',
736 silly addNameRange     '4.4.3',
736 silly addNameRange     '3.11.0',
736 silly addNameRange     '4.4.4',
736 silly addNameRange     '3.12.0',
736 silly addNameRange     '3.12.1',
736 silly addNameRange     '4.4.5',
736 silly addNameRange     '3.13.0',
736 silly addNameRange     '4.5.0',
736 silly addNameRange     '4.5.1',
736 silly addNameRange     '3.14.0',
736 silly addNameRange     '4.6.0',
736 silly addNameRange     '4.6.1',
736 silly addNameRange     '3.15.0',
736 silly addNameRange     '4.7.0',
736 silly addNameRange     '3.15.1',
736 silly addNameRange     '4.7.1',
736 silly addNameRange     '3.15.2',
736 silly addNameRange     '4.7.2',
736 silly addNameRange     '4.7.3',
736 silly addNameRange     '3.15.3',
736 silly addNameRange     '4.7.4',
736 silly addNameRange     '3.16.0',
736 silly addNameRange     '4.8.0',
736 silly addNameRange     '3.16.1',
736 silly addNameRange     '4.8.1',
736 silly addNameRange     '3.16.2',
736 silly addNameRange     '4.8.2',
736 silly addNameRange     '3.16.3' ] ]
737 silly lockFile e6c7ca53-express-4-8-3 express@~4.8.3
738 silly lockFile e6c7ca53-express-4-8-3 express@~4.8.3
739 silly addNameRange number 2 { name: 'html-to-text',
739 silly addNameRange   range: '>=0.1.0-0 <0.2.0-0',
739 silly addNameRange   hasData: true }
740 silly addNameRange versions [ 'html-to-text',
740 silly addNameRange   [ '0.0.1',
740 silly addNameRange     '0.0.2',
740 silly addNameRange     '0.0.3',
740 silly addNameRange     '0.0.4',
740 silly addNameRange     '0.0.5',
740 silly addNameRange     '0.0.6',
740 silly addNameRange     '0.0.7',
740 silly addNameRange     '0.0.8',
740 silly addNameRange     '0.1.0' ] ]
741 verbose addNamed [ 'html-to-text', '0.1.0' ]
742 verbose addNamed [ '0.1.0', '0.1.0' ]
743 silly lockFile 098b13ec-html-to-text-0-1-0 html-to-text@0.1.0
744 verbose lock html-to-text@0.1.0 /Users/Nichole/.npm/098b13ec-html-to-text-0-1-0.lock
745 error notarget No compatible version found: express@'>=4.8.3-0 <4.9.0-0'
745 error notarget Valid install targets:
745 error notarget ["0.14.0","0.14.1","1.0.0","1.0.1","1.0.2","1.0.3","1.0.4","1.0.5","1.0.6","1.0.7","1.0.8","2.0.0","2.1.0","2.1.1","2.2.0","2.2.1","2.2.2","2.3.0","2.3.1","2.3.2","2.3.3","2.3.4","2.3.5","2.3.6","2.3.7","2.3.8","2.3.9","2.3.10","2.3.11","2.3.12","2.4.0","2.4.1","2.4.2","2.4.3","2.4.4","2.4.5","2.4.6","2.4.7","2.5.0","2.5.1","2.5.2","2.5.3","2.5.4","2.5.5","2.5.6","2.5.7","2.5.8","2.5.9","2.5.10","2.5.11","3.0.0","3.0.1","3.0.2","3.0.3","3.0.4","3.0.5","3.0.6","3.1.0","3.1.1","3.1.2","3.2.0","3.2.1","3.2.2","3.2.3","3.2.4","3.2.5","3.2.6","3.3.0","3.3.1","3.3.2","3.3.3","3.3.4","3.3.5","3.3.6","1.0.0-beta","1.0.0-beta2","1.0.0-rc","1.0.0-rc2","1.0.0-rc3","1.0.0-rc4","2.0.0-beta","2.0.0-beta2","2.0.0-beta3","2.0.0-rc","2.0.0-rc2","2.0.0-rc3","3.0.0-alpha1","3.0.0-alpha2","3.0.0-alpha3","3.0.0-alpha4","3.0.0-alpha5","3.0.0-beta1","3.0.0-beta2","3.0.0-beta3","3.0.0-beta4","3.0.0-beta6","3.0.0-beta7","3.0.0-rc1","3.0.0-rc2","3.0.0-rc3","3.0.0-rc4","3.0.0-rc5","3.3.7","3.3.8","3.4.0","3.4.1","3.4.2","3.4.3","3.4.4","3.4.5","3.4.6","3.4.7","3.4.8","4.0.0-rc1","4.0.0-rc2","3.5.0","4.0.0-rc3","4.0.0-rc4","3.5.1","4.0.0","3.5.2","4.1.0","4.1.1","3.5.3","4.1.2","3.6.0","4.2.0","3.7.0","3.8.0","4.3.0","4.3.1","3.8.1","4.3.2","3.9.0","4.4.0","4.4.1","3.10.0","3.10.1","3.10.2","3.10.3","3.10.4","4.4.2","3.10.5","4.4.3","3.11.0","4.4.4","3.12.0","3.12.1","4.4.5","3.13.0","4.5.0","4.5.1","3.14.0","4.6.0","4.6.1","3.15.0","4.7.0","3.15.1","4.7.1","3.15.2","4.7.2","4.7.3","3.15.3","4.7.4","3.16.0","4.8.0","3.16.1","4.8.1","3.16.2","4.8.2","3.16.3"]
745 error notarget
745 error notarget This is most likely not a problem with npm itself.
745 error notarget In most cases you or one of your dependencies are requesting
745 error notarget a package version that doesn't exist.
746 error System Darwin 13.2.0
747 error command "/Users/Nichole/.nvm/v0.10.31/bin/node" "/Users/Nichole/.nvm/v0.10.31/bin/npm" "install" "--production"
748 error cwd /Users/Nichole/Sites/nichole
749 error node -v v0.10.31
750 error npm -v 1.4.23
751 error code ETARGET
752 verbose exit [ 1, true ]
